{"/home/travis/build/npmtest/node-npmtest-node-zendesk/test.js":{"path":"/home/travis/build/npmtest/node-npmtest-node-zendesk/test.js","s":{"1":2,"2":2,"3":2,"4":2,"5":2,"6":2,"7":2,"8":1,"9":2,"10":2,"11":1,"12":1,"13":1,"14":1,"15":2,"16":2,"17":2,"18":2,"19":1,"20":1,"21":2,"22":2,"23":2,"24":1,"25":1,"26":1,"27":1,"28":1,"29":1,"30":1,"31":1,"32":1,"33":1,"34":1,"35":1,"36":1,"37":1,"38":1,"39":2,"40":2,"41":1,"42":2,"43":2,"44":1,"45":2,"46":2,"47":1,"48":2,"49":2,"50":1,"51":1,"52":1,"53":1,"54":1},"b":{"1":[2,1,1,1],"2":[1,1,1,1],"3":[1,1],"4":[1,1],"5":[1,1],"6":[1,1],"7":[1,1],"8":[1,1],"9":[1,1],"10":[1,1,1],"11":[1,1],"12":[1,1],"13":[1,1],"14":[1,1],"15":[1,1],"16":[1,1],"17":[1,1]},"f":{"1":2,"2":2,"3":2,"4":2,"5":2,"6":1,"7":1,"8":1,"9":2,"10":2,"11":2,"12":2,"13":1},"fnMap":{"1":{"name":"(anonymous_1)","line":12,"loc":{"start":{"line":12,"column":1},"end":{"line":12,"column":13}}},"2":{"name":"(anonymous_2)","line":19,"loc":{"start":{"line":19,"column":5},"end":{"line":19,"column":17}}},"3":{"name":"(anonymous_3)","line":23,"loc":{"start":{"line":23,"column":24},"end":{"line":23,"column":36}}},"4":{"name":"(anonymous_4)","line":61,"loc":{"start":{"line":61,"column":5},"end":{"line":61,"column":17}}},"5":{"name":"(anonymous_5)","line":82,"loc":{"start":{"line":82,"column":5},"end":{"line":82,"column":17}}},"6":{"name":"(anonymous_6)","line":91,"loc":{"start":{"line":91,"column":77},"end":{"line":94,"column":10}}},"7":{"name":"(anonymous_7)","line":112,"loc":{"start":{"line":112,"column":83},"end":{"line":115,"column":10}},"skip":true},"8":{"name":"(anonymous_8)","line":123,"loc":{"start":{"line":123,"column":77},"end":{"line":126,"column":10}},"skip":true},"9":{"name":"(anonymous_9)","line":139,"loc":{"start":{"line":139,"column":12},"end":{"line":139,"column":40}},"skip":true},"10":{"name":"(anonymous_10)","line":147,"loc":{"start":{"line":147,"column":77},"end":{"line":150,"column":10}},"skip":true},"11":{"name":"(anonymous_11)","line":158,"loc":{"start":{"line":158,"column":83},"end":{"line":161,"column":10}},"skip":true},"12":{"name":"(anonymous_12)","line":169,"loc":{"start":{"line":169,"column":79},"end":{"line":172,"column":10}},"skip":true},"13":{"name":"(anonymous_13)","line":180,"loc":{"start":{"line":180,"column":75},"end":{"line":183,"column":10}},"skip":true}},"statementMap":{"1":{"start":{"line":12,"column":0},"end":{"line":195,"column":5}},"2":{"start":{"line":14,"column":4},"end":{"line":14,"column":14}},"3":{"start":{"line":19,"column":4},"end":{"line":56,"column":9}},"4":{"start":{"line":21,"column":8},"end":{"line":21,"column":19}},"5":{"start":{"line":23,"column":8},"end":{"line":35,"column":13}},"6":{"start":{"line":24,"column":12},"end":{"line":34,"column":13}},"7":{"start":{"line":25,"column":16},"end":{"line":28,"column":30}},"8":{"start":{"line":30,"column":16},"end":{"line":33,"column":27}},"9":{"start":{"line":37,"column":8},"end":{"line":39,"column":21}},"10":{"start":{"line":40,"column":8},"end":{"line":53,"column":9}},"11":{"start":{"line":43,"column":12},"end":{"line":46,"column":14}},"12":{"start":{"line":47,"column":12},"end":{"line":47,"column":18}},"13":{"start":{"line":50,"column":12},"end":{"line":51,"column":33}},"14":{"start":{"line":52,"column":12},"end":{"line":52,"column":18}},"15":{"start":{"line":55,"column":8},"end":{"line":55,"column":35}},"16":{"start":{"line":61,"column":4},"end":{"line":63,"column":9}},"17":{"start":{"line":62,"column":8},"end":{"line":62,"column":15}},"18":{"start":{"line":64,"column":4},"end":{"line":77,"column":5}},"19":{"start":{"line":70,"column":8},"end":{"line":70,"column":14}},"20":{"start":{"line":76,"column":8},"end":{"line":76,"column":14}},"21":{"start":{"line":82,"column":4},"end":{"line":84,"column":9}},"22":{"start":{"line":83,"column":8},"end":{"line":83,"column":15}},"23":{"start":{"line":85,"column":4},"end":{"line":194,"column":5}},"24":{"start":{"line":91,"column":8},"end":{"line":99,"column":10}},"25":{"start":{"line":98,"column":12},"end":{"line":98,"column":35}},"26":{"start":{"line":102,"column":8},"end":{"line":104,"column":63}},"27":{"start":{"line":105,"column":8},"end":{"line":105,"column":14}},"28":{"start":{"line":112,"column":8},"end":{"line":121,"column":10},"skip":true},"29":{"start":{"line":119,"column":12},"end":{"line":119,"column":55},"skip":true},"30":{"start":{"line":120,"column":12},"end":{"line":120,"column":48},"skip":true},"31":{"start":{"line":123,"column":8},"end":{"line":136,"column":10},"skip":true},"32":{"start":{"line":130,"column":12},"end":{"line":130,"column":76},"skip":true},"33":{"start":{"line":131,"column":12},"end":{"line":131,"column":73},"skip":true},"34":{"start":{"line":132,"column":12},"end":{"line":132,"column":74},"skip":true},"35":{"start":{"line":133,"column":12},"end":{"line":133,"column":79},"skip":true},"36":{"start":{"line":134,"column":12},"end":{"line":134,"column":25},"skip":true},"37":{"start":{"line":135,"column":12},"end":{"line":135,"column":45},"skip":true},"38":{"start":{"line":138,"column":8},"end":{"line":145,"column":14},"skip":true},"39":{"start":{"line":143,"column":16},"end":{"line":143,"column":29},"skip":true},"40":{"start":{"line":144,"column":16},"end":{"line":144,"column":55},"skip":true},"41":{"start":{"line":147,"column":8},"end":{"line":156,"column":10},"skip":true},"42":{"start":{"line":154,"column":12},"end":{"line":154,"column":25},"skip":true},"43":{"start":{"line":155,"column":12},"end":{"line":155,"column":45},"skip":true},"44":{"start":{"line":158,"column":8},"end":{"line":167,"column":10},"skip":true},"45":{"start":{"line":165,"column":12},"end":{"line":165,"column":25},"skip":true},"46":{"start":{"line":166,"column":12},"end":{"line":166,"column":48},"skip":true},"47":{"start":{"line":169,"column":8},"end":{"line":178,"column":10},"skip":true},"48":{"start":{"line":176,"column":12},"end":{"line":176,"column":25},"skip":true},"49":{"start":{"line":177,"column":12},"end":{"line":177,"column":46},"skip":true},"50":{"start":{"line":180,"column":8},"end":{"line":189,"column":10},"skip":true},"51":{"start":{"line":187,"column":12},"end":{"line":187,"column":94},"skip":true},"52":{"start":{"line":188,"column":12},"end":{"line":188,"column":48},"skip":true},"53":{"start":{"line":192,"column":8},"end":{"line":192,"column":35},"skip":true},"54":{"start":{"line":193,"column":8},"end":{"line":193,"column":14},"skip":true}},"branchMap":{"1":{"line":25,"type":"binary-expr","locations":[{"start":{"line":25,"column":23},"end":{"line":25,"column":62}},{"start":{"line":26,"column":20},"end":{"line":26,"column":70}},{"start":{"line":27,"column":20},"end":{"line":27,"column":71}},{"start":{"line":28,"column":20},"end":{"line":28,"column":29}}]},"2":{"line":30,"type":"binary-expr","locations":[{"start":{"line":30,"column":23},"end":{"line":30,"column":37}},{"start":{"line":31,"column":20},"end":{"line":31,"column":61}},{"start":{"line":32,"column":20},"end":{"line":32,"column":70}},{"start":{"line":33,"column":20},"end":{"line":33,"column":26}}]},"3":{"line":37,"type":"cond-expr","locations":[{"start":{"line":38,"column":14},"end":{"line":38,"column":20}},{"start":{"line":39,"column":14},"end":{"line":39,"column":20}}]},"4":{"line":40,"type":"switch","locations":[{"start":{"line":42,"column":8},"end":{"line":47,"column":18}},{"start":{"line":49,"column":8},"end":{"line":52,"column":18}}]},"5":{"line":44,"type":"binary-expr","locations":[{"start":{"line":44,"column":16},"end":{"line":44,"column":44}},{"start":{"line":44,"column":48},"end":{"line":44,"column":66}}]},"6":{"line":50,"type":"binary-expr","locations":[{"start":{"line":50,"column":21},"end":{"line":50,"column":49}},{"start":{"line":50,"column":53},"end":{"line":50,"column":72}}]},"7":{"line":64,"type":"switch","locations":[{"start":{"line":69,"column":4},"end":{"line":70,"column":14}},{"start":{"line":75,"column":4},"end":{"line":76,"column":14}}]},"8":{"line":85,"type":"switch","locations":[{"start":{"line":90,"column":4},"end":{"line":105,"column":14}},{"start":{"line":111,"column":4},"end":{"line":193,"column":14},"skip":true}]},"9":{"line":91,"type":"binary-expr","locations":[{"start":{"line":91,"column":42},"end":{"line":91,"column":73}},{"start":{"line":91,"column":77},"end":{"line":99,"column":9}}]},"10":{"line":102,"type":"binary-expr","locations":[{"start":{"line":102,"column":18},"end":{"line":102,"column":32}},{"start":{"line":103,"column":12},"end":{"line":103,"column":53}},{"start":{"line":104,"column":12},"end":{"line":104,"column":61}}]},"11":{"line":112,"type":"binary-expr","locations":[{"start":{"line":112,"column":45},"end":{"line":112,"column":79},"skip":true},{"start":{"line":112,"column":83},"end":{"line":121,"column":9},"skip":true}]},"12":{"line":123,"type":"binary-expr","locations":[{"start":{"line":123,"column":42},"end":{"line":123,"column":73},"skip":true},{"start":{"line":123,"column":77},"end":{"line":136,"column":9},"skip":true}]},"13":{"line":138,"type":"binary-expr","locations":[{"start":{"line":138,"column":48},"end":{"line":138,"column":85},"skip":true},{"start":{"line":139,"column":12},"end":{"line":145,"column":13},"skip":true}]},"14":{"line":147,"type":"binary-expr","locations":[{"start":{"line":147,"column":42},"end":{"line":147,"column":73},"skip":true},{"start":{"line":147,"column":77},"end":{"line":156,"column":9},"skip":true}]},"15":{"line":158,"type":"binary-expr","locations":[{"start":{"line":158,"column":45},"end":{"line":158,"column":79},"skip":true},{"start":{"line":158,"column":83},"end":{"line":167,"column":9},"skip":true}]},"16":{"line":169,"type":"binary-expr","locations":[{"start":{"line":169,"column":43},"end":{"line":169,"column":75},"skip":true},{"start":{"line":169,"column":79},"end":{"line":178,"column":9},"skip":true}]},"17":{"line":180,"type":"binary-expr","locations":[{"start":{"line":180,"column":41},"end":{"line":180,"column":71},"skip":true},{"start":{"line":180,"column":75},"end":{"line":189,"column":9},"skip":true}]}},"code":["/* istanbul instrument in package npmtest_node_zendesk */","/*jslint","    bitwise: true,","    browser: true,","    maxerr: 8,","    maxlen: 96,","    node: true,","    nomen: true,","    regexp: true,","    stupid: true","*/","(function () {","    'use strict';","    var local;","","","","    // run shared js-env code - init-before","    (function () {","        // init local","        local = {};","        // init modeJs","        local.modeJs = (function () {","            try {","                return typeof navigator.userAgent === 'string' &&","                    typeof document.querySelector('body') === 'object' &&","                    typeof XMLHttpRequest.prototype.open === 'function' &&","                    'browser';","            } catch (errorCaughtBrowser) {","                return module.exports &&","                    typeof process.versions.node === 'string' &&","                    typeof require('http').createServer === 'function' &&","                    'node';","            }","        }());","        // init global","        local.global = local.modeJs === 'browser'","            ? window","            : global;","        switch (local.modeJs) {","        // re-init local from window.local","        case 'browser':","            local = local.global.utility2.objectSetDefault(","                local.global.utility2_rollup || local.global.local,","                local.global.utility2","            );","            break;","        // re-init local from example.js","        case 'node':","            local = (local.global.utility2_rollup || require('utility2'))","                .requireReadme();","            break;","        }","        // export local","        local.global.local = local;","    }());","","","","    // run shared js-env code - function","    (function () {","        return;","    }());","    switch (local.modeJs) {","","","","    // run browser js-env code - function","    case 'browser':","        break;","","","","    // run node js-env code - function","    case 'node':","        break;","    }","","","","    // run shared js-env code - init-after","    (function () {","        return;","    }());","    switch (local.modeJs) {","","","","    // run browser js-env code - init-after","    case 'browser':","        local.testCase_browser_nullCase = local.testCase_browser_nullCase || function (","            options,","            onError","        ) {","        /*","         * this function will test browsers's null-case handling-behavior-behavior","         */","            onError(null, options);","        };","","        // run tests","        local.nop(local.modeTest &&","            document.querySelector('#testRunButton1') &&","            document.querySelector('#testRunButton1').click());","        break;","","","","    // run node js-env code - init-after","    /* istanbul ignore next */","    case 'node':","        local.testCase_buildApidoc_default = local.testCase_buildApidoc_default || function (","            options,","            onError","        ) {","        /*","         * this function will test buildApidoc's default handling-behavior-behavior","         */","            options = { modulePathList: module.paths };","            local.buildApidoc(options, onError);","        };","","        local.testCase_buildApp_default = local.testCase_buildApp_default || function (","            options,","            onError","        ) {","        /*","         * this function will test buildApp's default handling-behavior-behavior","         */","            local.testCase_buildReadme_default(options, local.onErrorThrow);","            local.testCase_buildLib_default(options, local.onErrorThrow);","            local.testCase_buildTest_default(options, local.onErrorThrow);","            local.testCase_buildCustomOrg_default(options, local.onErrorThrow);","            options = [];","            local.buildApp(options, onError);","        };","","        local.testCase_buildCustomOrg_default = local.testCase_buildCustomOrg_default ||","            function (options, onError) {","            /*","             * this function will test buildCustomOrg's default handling-behavior","             */","                options = {};","                local.buildCustomOrg(options, onError);","            };","","        local.testCase_buildLib_default = local.testCase_buildLib_default || function (","            options,","            onError","        ) {","        /*","         * this function will test buildLib's default handling-behavior","         */","            options = {};","            local.buildLib(options, onError);","        };","","        local.testCase_buildReadme_default = local.testCase_buildReadme_default || function (","            options,","            onError","        ) {","        /*","         * this function will test buildReadme's default handling-behavior-behavior","         */","            options = {};","            local.buildReadme(options, onError);","        };","","        local.testCase_buildTest_default = local.testCase_buildTest_default || function (","            options,","            onError","        ) {","        /*","         * this function will test buildTest's default handling-behavior","         */","            options = {};","            local.buildTest(options, onError);","        };","","        local.testCase_webpage_default = local.testCase_webpage_default || function (","            options,","            onError","        ) {","        /*","         * this function will test webpage's default handling-behavior","         */","            options = { modeCoverageMerge: true, url: local.serverLocalHost + '?modeTest=1' };","            local.browserTest(options, onError);","        };","","        // run test-server","        local.testRunServer(local);","        break;","    }","}());",""],"l":{"12":2,"14":2,"19":2,"21":2,"23":2,"24":2,"25":2,"30":1,"37":2,"40":2,"43":1,"47":1,"50":1,"52":1,"55":2,"61":2,"62":2,"64":2,"70":1,"76":1,"82":2,"83":2,"85":2,"91":1,"98":1,"102":1,"105":1,"112":1,"119":1,"120":1,"123":1,"130":1,"131":1,"132":1,"133":1,"134":1,"135":1,"138":1,"143":2,"144":2,"147":1,"154":2,"155":2,"158":1,"165":2,"166":2,"169":1,"176":2,"177":2,"180":1,"187":1,"188":1,"192":1,"193":1}},"/home/travis/build/npmtest/node-npmtest-node-zendesk/lib.npmtest_node_zendesk.js":{"path":"/home/travis/build/npmtest/node-npmtest-node-zendesk/lib.npmtest_node_zendesk.js","s":{"1":2,"2":2,"3":2,"4":2,"5":2,"6":2,"7":2,"8":1,"9":2,"10":2,"11":2,"12":2,"13":1,"14":1,"15":1,"16":1},"b":{"1":[2,1,1,1],"2":[1,1,1,1],"3":[1,1],"4":[2,2],"5":[1,1]},"f":{"1":2,"2":2,"3":2},"fnMap":{"1":{"name":"(anonymous_1)","line":12,"loc":{"start":{"line":12,"column":1},"end":{"line":12,"column":13}}},"2":{"name":"(anonymous_2)","line":19,"loc":{"start":{"line":19,"column":5},"end":{"line":19,"column":17}}},"3":{"name":"(anonymous_3)","line":23,"loc":{"start":{"line":23,"column":24},"end":{"line":23,"column":36}}}},"statementMap":{"1":{"start":{"line":12,"column":0},"end":{"line":53,"column":5}},"2":{"start":{"line":14,"column":4},"end":{"line":14,"column":14}},"3":{"start":{"line":19,"column":4},"end":{"line":52,"column":9}},"4":{"start":{"line":21,"column":8},"end":{"line":21,"column":19}},"5":{"start":{"line":23,"column":8},"end":{"line":35,"column":13}},"6":{"start":{"line":24,"column":12},"end":{"line":34,"column":13}},"7":{"start":{"line":25,"column":16},"end":{"line":28,"column":30}},"8":{"start":{"line":30,"column":16},"end":{"line":33,"column":27}},"9":{"start":{"line":37,"column":8},"end":{"line":39,"column":21}},"10":{"start":{"line":41,"column":8},"end":{"line":41,"column":54}},"11":{"start":{"line":43,"column":8},"end":{"line":43,"column":57}},"12":{"start":{"line":45,"column":8},"end":{"line":51,"column":9}},"13":{"start":{"line":46,"column":12},"end":{"line":46,"column":63}},"14":{"start":{"line":48,"column":12},"end":{"line":48,"column":35}},"15":{"start":{"line":49,"column":12},"end":{"line":49,"column":49}},"16":{"start":{"line":50,"column":12},"end":{"line":50,"column":43}}},"branchMap":{"1":{"line":25,"type":"binary-expr","locations":[{"start":{"line":25,"column":23},"end":{"line":25,"column":62}},{"start":{"line":26,"column":20},"end":{"line":26,"column":70}},{"start":{"line":27,"column":20},"end":{"line":27,"column":71}},{"start":{"line":28,"column":20},"end":{"line":28,"column":29}}]},"2":{"line":30,"type":"binary-expr","locations":[{"start":{"line":30,"column":23},"end":{"line":30,"column":37}},{"start":{"line":31,"column":20},"end":{"line":31,"column":61}},{"start":{"line":32,"column":20},"end":{"line":32,"column":70}},{"start":{"line":33,"column":20},"end":{"line":33,"column":26}}]},"3":{"line":37,"type":"cond-expr","locations":[{"start":{"line":38,"column":14},"end":{"line":38,"column":20}},{"start":{"line":39,"column":14},"end":{"line":39,"column":20}}]},"4":{"line":41,"type":"binary-expr","locations":[{"start":{"line":41,"column":16},"end":{"line":41,"column":44}},{"start":{"line":41,"column":48},"end":{"line":41,"column":53}}]},"5":{"line":45,"type":"if","locations":[{"start":{"line":45,"column":8},"end":{"line":45,"column":8}},{"start":{"line":45,"column":8},"end":{"line":45,"column":8}}]}},"code":["/* istanbul instrument in package npmtest_node_zendesk */","/*jslint","    bitwise: true,","    browser: true,","    maxerr: 8,","    maxlen: 96,","    node: true,","    nomen: true,","    regexp: true,","    stupid: true","*/","(function () {","    'use strict';","    var local;","","","","    // run shared js-env code - init-before","    (function () {","        // init local","        local = {};","        // init modeJs","        local.modeJs = (function () {","            try {","                return typeof navigator.userAgent === 'string' &&","                    typeof document.querySelector('body') === 'object' &&","                    typeof XMLHttpRequest.prototype.open === 'function' &&","                    'browser';","            } catch (errorCaughtBrowser) {","                return module.exports &&","                    typeof process.versions.node === 'string' &&","                    typeof require('http').createServer === 'function' &&","                    'node';","            }","        }());","        // init global","        local.global = local.modeJs === 'browser'","            ? window","            : global;","        // init utility2_rollup","        local = local.global.utility2_rollup || local;","        // init lib","        local.local = local.npmtest_node_zendesk = local;","        // init exports","        if (local.modeJs === 'browser') {","            local.global.utility2_npmtest_node_zendesk = local;","        } else {","            module.exports = local;","            module.exports.__dirname = __dirname;","            module.exports.module = module;","        }","    }());","}());",""],"l":{"12":2,"14":2,"19":2,"21":2,"23":2,"24":2,"25":2,"30":1,"37":2,"41":2,"43":2,"45":2,"46":1,"48":1,"49":1,"50":1}},"/home/travis/build/npmtest/node-npmtest-node-zendesk/example.js":{"path":"/home/travis/build/npmtest/node-npmtest-node-zendesk/example.js","s":{"1":2,"2":2,"3":2,"4":2,"5":2,"6":2,"7":2,"8":1,"9":2,"10":2,"11":2,"12":2,"13":1,"14":2,"15":2,"16":2,"17":2,"18":2,"19":0,"20":2,"21":1,"22":1,"23":1,"24":1,"25":1,"26":0,"27":0,"28":1,"29":1,"30":2,"31":0,"32":0,"33":0,"34":1,"35":2,"36":2,"37":3,"38":3,"39":3,"40":3,"41":0,"42":3,"43":3,"44":3,"45":1,"46":3,"47":1,"48":1,"49":1,"50":1,"51":1,"52":1,"53":1,"54":1,"55":1,"56":1,"57":0,"58":1,"59":6,"60":6,"61":1,"62":2,"63":0,"64":2,"65":1,"66":1,"67":0,"68":0,"69":0,"70":0,"71":0,"72":0,"73":0,"74":0,"75":0,"76":0,"77":0,"78":0,"79":0,"80":0,"81":0,"82":0,"83":0},"b":{"1":[2,1,1,1],"2":[1,1,1,1],"3":[1,1],"4":[2,2],"5":[1,1],"6":[1,1],"7":[2,0],"8":[2,1,1,1,1,1],"9":[0,2,0],"10":[1,1],"11":[2,1,1],"12":[1,0],"13":[0,2],"14":[2,0,0,0,0,0,0],"15":[0,3],"16":[3,0],"17":[1,1],"18":[0,1],"19":[1,2,0,2],"20":[1,0],"21":[1,1],"22":[0,0],"23":[0,0],"24":[0,0],"25":[0,0],"26":[0,0],"27":[0,0],"28":[0,0]},"f":{"1":2,"2":2,"3":2,"4":2,"5":2,"6":2,"7":3,"8":3,"9":3,"10":1,"11":6,"12":0},"fnMap":{"1":{"name":"(anonymous_1)","line":26,"loc":{"start":{"line":26,"column":1},"end":{"line":26,"column":13}}},"2":{"name":"(anonymous_2)","line":33,"loc":{"start":{"line":33,"column":5},"end":{"line":33,"column":17}}},"3":{"name":"(anonymous_3)","line":37,"loc":{"start":{"line":37,"column":24},"end":{"line":37,"column":36}}},"4":{"name":"(anonymous_4)","line":69,"loc":{"start":{"line":69,"column":31},"end":{"line":69,"column":48}},"skip":true},"5":{"name":"(anonymous_5)","line":78,"loc":{"start":{"line":78,"column":26},"end":{"line":78,"column":45}},"skip":true},"6":{"name":"(anonymous_6)","line":123,"loc":{"start":{"line":123,"column":33},"end":{"line":123,"column":48}},"skip":true},"7":{"name":"(anonymous_7)","line":125,"loc":{"start":{"line":125,"column":27},"end":{"line":125,"column":39}},"skip":true},"8":{"name":"(anonymous_8)","line":133,"loc":{"start":{"line":133,"column":59},"end":{"line":133,"column":74}},"skip":true},"9":{"name":"(anonymous_9)","line":143,"loc":{"start":{"line":143,"column":45},"end":{"line":143,"column":62}},"skip":true},"10":{"name":"(anonymous_10)","line":144,"loc":{"start":{"line":144,"column":73},"end":{"line":144,"column":92}},"skip":true},"11":{"name":"(anonymous_11)","line":272,"loc":{"start":{"line":272,"column":51},"end":{"line":272,"column":77}},"skip":true},"12":{"name":"(anonymous_12)","line":315,"loc":{"start":{"line":315,"column":32},"end":{"line":315,"column":61}},"skip":true}},"statementMap":{"1":{"start":{"line":26,"column":0},"end":{"line":326,"column":5}},"2":{"start":{"line":28,"column":4},"end":{"line":28,"column":14}},"3":{"start":{"line":33,"column":4},"end":{"line":60,"column":9}},"4":{"start":{"line":35,"column":8},"end":{"line":35,"column":19}},"5":{"start":{"line":37,"column":8},"end":{"line":49,"column":13}},"6":{"start":{"line":38,"column":12},"end":{"line":48,"column":13}},"7":{"start":{"line":39,"column":16},"end":{"line":42,"column":30}},"8":{"start":{"line":44,"column":16},"end":{"line":47,"column":27}},"9":{"start":{"line":51,"column":8},"end":{"line":53,"column":21}},"10":{"start":{"line":55,"column":8},"end":{"line":57,"column":45}},"11":{"start":{"line":59,"column":8},"end":{"line":59,"column":35}},"12":{"start":{"line":61,"column":4},"end":{"line":325,"column":5}},"13":{"start":{"line":69,"column":8},"end":{"line":121,"column":10},"skip":true},"14":{"start":{"line":70,"column":12},"end":{"line":88,"column":13},"skip":true},"15":{"start":{"line":76,"column":16},"end":{"line":87,"column":19},"skip":true},"16":{"start":{"line":79,"column":20},"end":{"line":86,"column":21},"skip":true},"17":{"start":{"line":82,"column":24},"end":{"line":82,"column":43},"skip":true},"18":{"start":{"line":83,"column":24},"end":{"line":83,"column":30},"skip":true},"19":{"start":{"line":85,"column":24},"end":{"line":85,"column":49},"skip":true},"20":{"start":{"line":89,"column":12},"end":{"line":107,"column":13},"skip":true},"21":{"start":{"line":92,"column":16},"end":{"line":102,"column":17},"skip":true},"22":{"start":{"line":93,"column":20},"end":{"line":93,"column":86},"skip":true},"23":{"start":{"line":94,"column":20},"end":{"line":95,"column":45},"skip":true},"24":{"start":{"line":96,"column":20},"end":{"line":96,"column":42},"skip":true},"25":{"start":{"line":97,"column":20},"end":{"line":97,"column":48},"skip":true},"26":{"start":{"line":100,"column":20},"end":{"line":100,"column":85},"skip":true},"27":{"start":{"line":101,"column":20},"end":{"line":101,"column":96},"skip":true},"28":{"start":{"line":103,"column":16},"end":{"line":103,"column":22},"skip":true},"29":{"start":{"line":106,"column":16},"end":{"line":106,"column":22},"skip":true},"30":{"start":{"line":108,"column":12},"end":{"line":120,"column":13},"skip":true},"31":{"start":{"line":114,"column":16},"end":{"line":119,"column":17},"skip":true},"32":{"start":{"line":116,"column":20},"end":{"line":116,"column":78},"skip":true},"33":{"start":{"line":118,"column":20},"end":{"line":118,"column":47},"skip":true},"34":{"start":{"line":123,"column":8},"end":{"line":141,"column":11},"skip":true},"35":{"start":{"line":124,"column":12},"end":{"line":124,"column":54},"skip":true},"36":{"start":{"line":125,"column":12},"end":{"line":140,"column":14},"skip":true},"37":{"start":{"line":126,"column":16},"end":{"line":126,"column":28},"skip":true},"38":{"start":{"line":127,"column":16},"end":{"line":127,"column":69},"skip":true},"39":{"start":{"line":128,"column":16},"end":{"line":128,"column":75},"skip":true},"40":{"start":{"line":129,"column":16},"end":{"line":131,"column":17},"skip":true},"41":{"start":{"line":130,"column":20},"end":{"line":130,"column":27},"skip":true},"42":{"start":{"line":133,"column":16},"end":{"line":137,"column":36},"skip":true},"43":{"start":{"line":134,"column":20},"end":{"line":136,"column":55},"skip":true},"44":{"start":{"line":139,"column":16},"end":{"line":139,"column":57},"skip":true},"45":{"start":{"line":143,"column":8},"end":{"line":147,"column":11},"skip":true},"46":{"start":{"line":144,"column":12},"end":{"line":146,"column":15},"skip":true},"47":{"start":{"line":145,"column":16},"end":{"line":145,"column":70},"skip":true},"48":{"start":{"line":149,"column":8},"end":{"line":149,"column":31},"skip":true},"49":{"start":{"line":150,"column":8},"end":{"line":150,"column":14},"skip":true},"50":{"start":{"line":158,"column":8},"end":{"line":158,"column":31},"skip":true},"51":{"start":{"line":160,"column":8},"end":{"line":160,"column":33},"skip":true},"52":{"start":{"line":161,"column":8},"end":{"line":161,"column":37},"skip":true},"53":{"start":{"line":162,"column":8},"end":{"line":162,"column":35},"skip":true},"54":{"start":{"line":164,"column":8},"end":{"line":164,"column":50},"skip":true},"55":{"start":{"line":166,"column":8},"end":{"line":256,"column":2},"skip":true},"56":{"start":{"line":258,"column":8},"end":{"line":286,"column":9},"skip":true},"57":{"start":{"line":259,"column":12},"end":{"line":269,"column":14},"skip":true},"58":{"start":{"line":271,"column":12},"end":{"line":285,"column":19},"skip":true},"59":{"start":{"line":274,"column":20},"end":{"line":274,"column":35},"skip":true},"60":{"start":{"line":275,"column":20},"end":{"line":284,"column":21},"skip":true},"61":{"start":{"line":277,"column":24},"end":{"line":277,"column":64},"skip":true},"62":{"start":{"line":279,"column":24},"end":{"line":279,"column":40},"skip":true},"63":{"start":{"line":281,"column":24},"end":{"line":281,"column":40},"skip":true},"64":{"start":{"line":283,"column":24},"end":{"line":283,"column":39},"skip":true},"65":{"start":{"line":288,"column":8},"end":{"line":290,"column":9},"skip":true},"66":{"start":{"line":289,"column":12},"end":{"line":289,"column":18},"skip":true},"67":{"start":{"line":291,"column":8},"end":{"line":293,"column":54},"skip":true},"68":{"start":{"line":296,"column":8},"end":{"line":301,"column":37},"skip":true},"69":{"start":{"line":303,"column":8},"end":{"line":303,"column":82},"skip":true},"70":{"start":{"line":306,"column":8},"end":{"line":308,"column":9},"skip":true},"71":{"start":{"line":307,"column":12},"end":{"line":307,"column":82},"skip":true},"72":{"start":{"line":310,"column":8},"end":{"line":312,"column":9},"skip":true},"73":{"start":{"line":311,"column":12},"end":{"line":311,"column":18},"skip":true},"74":{"start":{"line":313,"column":8},"end":{"line":313,"column":54},"skip":true},"75":{"start":{"line":314,"column":8},"end":{"line":314,"column":69},"skip":true},"76":{"start":{"line":315,"column":8},"end":{"line":323,"column":36},"skip":true},"77":{"start":{"line":316,"column":12},"end":{"line":316,"column":61},"skip":true},"78":{"start":{"line":317,"column":12},"end":{"line":320,"column":13},"skip":true},"79":{"start":{"line":318,"column":16},"end":{"line":318,"column":75},"skip":true},"80":{"start":{"line":319,"column":16},"end":{"line":319,"column":23},"skip":true},"81":{"start":{"line":321,"column":12},"end":{"line":321,"column":38},"skip":true},"82":{"start":{"line":322,"column":12},"end":{"line":322,"column":27},"skip":true},"83":{"start":{"line":324,"column":8},"end":{"line":324,"column":14},"skip":true}},"branchMap":{"1":{"line":39,"type":"binary-expr","locations":[{"start":{"line":39,"column":23},"end":{"line":39,"column":62}},{"start":{"line":40,"column":20},"end":{"line":40,"column":70}},{"start":{"line":41,"column":20},"end":{"line":41,"column":71}},{"start":{"line":42,"column":20},"end":{"line":42,"column":29}}]},"2":{"line":44,"type":"binary-expr","locations":[{"start":{"line":44,"column":23},"end":{"line":44,"column":37}},{"start":{"line":45,"column":20},"end":{"line":45,"column":61}},{"start":{"line":46,"column":20},"end":{"line":46,"column":70}},{"start":{"line":47,"column":20},"end":{"line":47,"column":26}}]},"3":{"line":51,"type":"cond-expr","locations":[{"start":{"line":52,"column":14},"end":{"line":52,"column":20}},{"start":{"line":53,"column":14},"end":{"line":53,"column":20}}]},"4":{"line":55,"type":"binary-expr","locations":[{"start":{"line":55,"column":16},"end":{"line":55,"column":44}},{"start":{"line":55,"column":49},"end":{"line":57,"column":43}}]},"5":{"line":55,"type":"cond-expr","locations":[{"start":{"line":56,"column":14},"end":{"line":56,"column":56}},{"start":{"line":57,"column":14},"end":{"line":57,"column":43}}]},"6":{"line":61,"type":"switch","locations":[{"start":{"line":68,"column":4},"end":{"line":150,"column":14},"skip":true},{"start":{"line":156,"column":4},"end":{"line":324,"column":14},"skip":true}]},"7":{"line":70,"type":"if","locations":[{"start":{"line":70,"column":12},"end":{"line":70,"column":12},"skip":true},{"start":{"line":70,"column":12},"end":{"line":70,"column":12},"skip":true}]},"8":{"line":70,"type":"binary-expr","locations":[{"start":{"line":70,"column":16},"end":{"line":70,"column":22},"skip":true},{"start":{"line":70,"column":27},"end":{"line":70,"column":32},"skip":true},{"start":{"line":71,"column":20},"end":{"line":71,"column":39},"skip":true},{"start":{"line":72,"column":20},"end":{"line":72,"column":49},"skip":true},{"start":{"line":73,"column":20},"end":{"line":73,"column":58},"skip":true},{"start":{"line":74,"column":20},"end":{"line":74,"column":69},"skip":true}]},"9":{"line":79,"type":"switch","locations":[{"start":{"line":80,"column":20},"end":{"line":80,"column":33},"skip":true},{"start":{"line":81,"column":20},"end":{"line":83,"column":30},"skip":true},{"start":{"line":84,"column":20},"end":{"line":85,"column":49},"skip":true}]},"10":{"line":89,"type":"switch","locations":[{"start":{"line":90,"column":12},"end":{"line":103,"column":22},"skip":true},{"start":{"line":105,"column":12},"end":{"line":106,"column":22},"skip":true}]},"11":{"line":89,"type":"binary-expr","locations":[{"start":{"line":89,"column":20},"end":{"line":89,"column":25},"skip":true},{"start":{"line":89,"column":29},"end":{"line":89,"column":48},"skip":true},{"start":{"line":89,"column":52},"end":{"line":89,"column":74},"skip":true}]},"12":{"line":92,"type":"if","locations":[{"start":{"line":92,"column":16},"end":{"line":92,"column":16},"skip":true},{"start":{"line":92,"column":16},"end":{"line":92,"column":16},"skip":true}]},"13":{"line":108,"type":"if","locations":[{"start":{"line":108,"column":12},"end":{"line":108,"column":12},"skip":true},{"start":{"line":108,"column":12},"end":{"line":108,"column":12},"skip":true}]},"14":{"line":108,"type":"binary-expr","locations":[{"start":{"line":108,"column":16},"end":{"line":108,"column":61},"skip":true},{"start":{"line":108,"column":66},"end":{"line":108,"column":72},"skip":true},{"start":{"line":108,"column":77},"end":{"line":108,"column":82},"skip":true},{"start":{"line":109,"column":20},"end":{"line":109,"column":39},"skip":true},{"start":{"line":110,"column":20},"end":{"line":110,"column":49},"skip":true},{"start":{"line":111,"column":20},"end":{"line":111,"column":58},"skip":true},{"start":{"line":112,"column":20},"end":{"line":112,"column":68},"skip":true}]},"15":{"line":129,"type":"if","locations":[{"start":{"line":129,"column":16},"end":{"line":129,"column":16},"skip":true},{"start":{"line":129,"column":16},"end":{"line":129,"column":16},"skip":true}]},"16":{"line":134,"type":"cond-expr","locations":[{"start":{"line":135,"column":26},"end":{"line":135,"column":29},"skip":true},{"start":{"line":136,"column":26},"end":{"line":136,"column":54},"skip":true}]},"17":{"line":164,"type":"binary-expr","locations":[{"start":{"line":164,"column":27},"end":{"line":164,"column":43},"skip":true},{"start":{"line":164,"column":47},"end":{"line":164,"column":49},"skip":true}]},"18":{"line":258,"type":"if","locations":[{"start":{"line":258,"column":8},"end":{"line":258,"column":8},"skip":true},{"start":{"line":258,"column":8},"end":{"line":258,"column":8},"skip":true}]},"19":{"line":275,"type":"switch","locations":[{"start":{"line":276,"column":20},"end":{"line":277,"column":64},"skip":true},{"start":{"line":278,"column":20},"end":{"line":279,"column":40},"skip":true},{"start":{"line":280,"column":20},"end":{"line":281,"column":40},"skip":true},{"start":{"line":282,"column":20},"end":{"line":283,"column":39},"skip":true}]},"20":{"line":288,"type":"if","locations":[{"start":{"line":288,"column":8},"end":{"line":288,"column":8},"skip":true},{"start":{"line":288,"column":8},"end":{"line":288,"column":8},"skip":true}]},"21":{"line":288,"type":"binary-expr","locations":[{"start":{"line":288,"column":12},"end":{"line":288,"column":40},"skip":true},{"start":{"line":288,"column":44},"end":{"line":288,"column":67},"skip":true}]},"22":{"line":292,"type":"binary-expr","locations":[{"start":{"line":292,"column":12},"end":{"line":292,"column":50},"skip":true},{"start":{"line":293,"column":12},"end":{"line":293,"column":53},"skip":true}]},"23":{"line":297,"type":"binary-expr","locations":[{"start":{"line":297,"column":12},"end":{"line":297,"column":70},"skip":true},{"start":{"line":298,"column":12},"end":{"line":301,"column":36},"skip":true}]},"24":{"line":303,"type":"binary-expr","locations":[{"start":{"line":303,"column":43},"end":{"line":303,"column":75},"skip":true},{"start":{"line":303,"column":79},"end":{"line":303,"column":81},"skip":true}]},"25":{"line":306,"type":"if","locations":[{"start":{"line":306,"column":8},"end":{"line":306,"column":8},"skip":true},{"start":{"line":306,"column":8},"end":{"line":306,"column":8},"skip":true}]},"26":{"line":310,"type":"if","locations":[{"start":{"line":310,"column":8},"end":{"line":310,"column":8},"skip":true},{"start":{"line":310,"column":8},"end":{"line":310,"column":8},"skip":true}]},"27":{"line":313,"type":"binary-expr","locations":[{"start":{"line":313,"column":27},"end":{"line":313,"column":43},"skip":true},{"start":{"line":313,"column":47},"end":{"line":313,"column":53},"skip":true}]},"28":{"line":317,"type":"if","locations":[{"start":{"line":317,"column":12},"end":{"line":317,"column":12},"skip":true},{"start":{"line":317,"column":12},"end":{"line":317,"column":12},"skip":true}]}},"code":["/*","example.js","","quickstart example","","instruction","    1. save this script as example.js","    2. run the shell command:","        $ npm install npmtest-node-zendesk && PORT=8081 node example.js","    3. play with the browser-demo on http://127.0.0.1:8081","*/","","","","/* istanbul instrument in package npmtest_node_zendesk */","/*jslint","    bitwise: true,","    browser: true,","    maxerr: 8,","    maxlen: 96,","    node: true,","    nomen: true,","    regexp: true,","    stupid: true","*/","(function () {","    'use strict';","    var local;","","","","    // run shared js-env code - init-before","    (function () {","        // init local","        local = {};","        // init modeJs","        local.modeJs = (function () {","            try {","                return typeof navigator.userAgent === 'string' &&","                    typeof document.querySelector('body') === 'object' &&","                    typeof XMLHttpRequest.prototype.open === 'function' &&","                    'browser';","            } catch (errorCaughtBrowser) {","                return module.exports &&","                    typeof process.versions.node === 'string' &&","                    typeof require('http').createServer === 'function' &&","                    'node';","            }","        }());","        // init global","        local.global = local.modeJs === 'browser'","            ? window","            : global;","        // init utility2_rollup","        local = local.global.utility2_rollup || (local.modeJs === 'browser'","            ? local.global.utility2_npmtest_node_zendesk","            : global.utility2_moduleExports);","        // export local","        local.global.local = local;","    }());","    switch (local.modeJs) {","","","","    // init-after","    // run browser js-env code - init-after","    /* istanbul ignore next */","    case 'browser':","        local.testRunBrowser = function (event) {","            if (!event || (event &&","                    event.currentTarget &&","                    event.currentTarget.className &&","                    event.currentTarget.className.includes &&","                    event.currentTarget.className.includes('onreset'))) {","                // reset output","                Array.from(","                    document.querySelectorAll('body > .resettable')","                ).forEach(function (element) {","                    switch (element.tagName) {","                    case 'INPUT':","                    case 'TEXTAREA':","                        element.value = '';","                        break;","                    default:","                        element.textContent = '';","                    }","                });","            }","            switch (event && event.currentTarget && event.currentTarget.id) {","            case 'testRunButton1':","                // show tests","                if (document.querySelector('#testReportDiv1').style.display === 'none') {","                    document.querySelector('#testReportDiv1').style.display = 'block';","                    document.querySelector('#testRunButton1').textContent =","                        'hide internal test';","                    local.modeTest = true;","                    local.testRunDefault(local);","                // hide tests","                } else {","                    document.querySelector('#testReportDiv1').style.display = 'none';","                    document.querySelector('#testRunButton1').textContent = 'run internal test';","                }","                break;","            // custom-case","            default:","                break;","            }","            if (document.querySelector('#inputTextareaEval1') && (!event || (event &&","                    event.currentTarget &&","                    event.currentTarget.className &&","                    event.currentTarget.className.includes &&","                    event.currentTarget.className.includes('oneval')))) {","                // try to eval input-code","                try {","                    /*jslint evil: true*/","                    eval(document.querySelector('#inputTextareaEval1').value);","                } catch (errorCaught) {","                    console.error(errorCaught);","                }","            }","        };","        // log stderr and stdout to #outputTextareaStdout1","        ['error', 'log'].forEach(function (key) {","            console[key + '_original'] = console[key];","            console[key] = function () {","                var element;","                console[key + '_original'].apply(console, arguments);","                element = document.querySelector('#outputTextareaStdout1');","                if (!element) {","                    return;","                }","                // append text to #outputTextareaStdout1","                element.value += Array.from(arguments).map(function (arg) {","                    return typeof arg === 'string'","                        ? arg","                        : JSON.stringify(arg, null, 4);","                }).join(' ') + '\\n';","                // scroll textarea to bottom","                element.scrollTop = element.scrollHeight;","            };","        });","        // init event-handling","        ['change', 'click', 'keyup'].forEach(function (event) {","            Array.from(document.querySelectorAll('.on' + event)).forEach(function (element) {","                element.addEventListener(event, local.testRunBrowser);","            });","        });","        // run tests","        local.testRunBrowser();","        break;","","","","    // run node js-env code - init-after","    /* istanbul ignore next */","    case 'node':","        // export local","        module.exports = local;","        // require modules","        local.fs = require('fs');","        local.http = require('http');","        local.url = require('url');","        // init assets","        local.assetsDict = local.assetsDict || {};","        /* jslint-ignore-begin */","        local.assetsDict['/assets.index.template.html'] = '\\","<!doctype html>\\n\\","<html lang=\"en\">\\n\\","<head>\\n\\","<meta charset=\"UTF-8\">\\n\\","<meta name=\"viewport\" content=\"width=device-width, initial-scale=1\">\\n\\","<title>{{env.npm_package_name}} (v{{env.npm_package_version}})</title>\\n\\","<style>\\n\\","/*csslint\\n\\","    box-sizing: false,\\n\\","    universal-selector: false\\n\\","*/\\n\\","* {\\n\\","    box-sizing: border-box;\\n\\","}\\n\\","body {\\n\\","    background: #dde;\\n\\","    font-family: Arial, Helvetica, sans-serif;\\n\\","    margin: 2rem;\\n\\","}\\n\\","body > * {\\n\\","    margin-bottom: 1rem;\\n\\","}\\n\\",".utility2FooterDiv {\\n\\","    margin-top: 20px;\\n\\","    text-align: center;\\n\\","}\\n\\","</style>\\n\\","<style>\\n\\","/*csslint\\n\\","*/\\n\\","textarea {\\n\\","    font-family: monospace;\\n\\","    height: 10rem;\\n\\","    width: 100%;\\n\\","}\\n\\","textarea[readonly] {\\n\\","    background: #ddd;\\n\\","}\\n\\","</style>\\n\\","</head>\\n\\","<body>\\n\\","<!-- utility2-comment\\n\\","<div id=\"ajaxProgressDiv1\" style=\"background: #d00; height: 2px; left: 0; margin: 0; padding: 0; position: fixed; top: 0; transition: background 0.5s, width 1.5s; width: 25%;\"></div>\\n\\","utility2-comment -->\\n\\","<h1>\\n\\","<!-- utility2-comment\\n\\","    <a\\n\\","        {{#if env.npm_package_homepage}}\\n\\","        href=\"{{env.npm_package_homepage}}\"\\n\\","        {{/if env.npm_package_homepage}}\\n\\","        target=\"_blank\"\\n\\","    >\\n\\","utility2-comment -->\\n\\","        {{env.npm_package_name}} (v{{env.npm_package_version}})\\n\\","<!-- utility2-comment\\n\\","    </a>\\n\\","utility2-comment -->\\n\\","</h1>\\n\\","<h3>{{env.npm_package_description}}</h3>\\n\\","<!-- utility2-comment\\n\\","<h4><a download href=\"assets.app.js\">download standalone app</a></h4>\\n\\","<button class=\"onclick onreset\" id=\"testRunButton1\">run internal test</button><br>\\n\\","<div id=\"testReportDiv1\" style=\"display: none;\"></div>\\n\\","utility2-comment -->\\n\\","\\n\\","\\n\\","\\n\\","<label>stderr and stdout</label>\\n\\","<textarea class=\"resettable\" id=\"outputTextareaStdout1\" readonly></textarea>\\n\\","<!-- utility2-comment\\n\\","{{#if isRollup}}\\n\\","<script src=\"assets.app.js\"></script>\\n\\","{{#unless isRollup}}\\n\\","utility2-comment -->\\n\\","<script src=\"assets.utility2.rollup.js\"></script>\\n\\","<script src=\"jsonp.utility2._stateInit?callback=window.utility2._stateInit\"></script>\\n\\","<script src=\"assets.npmtest_node_zendesk.rollup.js\"></script>\\n\\","<script src=\"assets.example.js\"></script>\\n\\","<script src=\"assets.test.js\"></script>\\n\\","<!-- utility2-comment\\n\\","{{/if isRollup}}\\n\\","utility2-comment -->\\n\\","<div class=\"utility2FooterDiv\">\\n\\","    [ this app was created with\\n\\","    <a href=\"https://github.com/kaizhu256/node-utility2\" target=\"_blank\">utility2</a>\\n\\","    ]\\n\\","</div>\\n\\","</body>\\n\\","</html>\\n\\","';","        /* jslint-ignore-end */","        if (local.templateRender) {","            local.assetsDict['/'] = local.templateRender(","                local.assetsDict['/assets.index.template.html'],","                {","                    env: local.objectSetDefault(local.env, {","                        npm_package_description: 'the greatest app in the world!',","                        npm_package_name: 'my-app',","                        npm_package_nameAlias: 'my_app',","                        npm_package_version: '0.0.1'","                    })","                }","            );","        } else {","            local.assetsDict['/'] = local.assetsDict['/assets.index.template.html']","                .replace((/\\{\\{env\\.(\\w+?)\\}\\}/g), function (match0, match1) {","                    // jslint-hack","                    String(match0);","                    switch (match1) {","                    case 'npm_package_description':","                        return 'the greatest app in the world!';","                    case 'npm_package_name':","                        return 'my-app';","                    case 'npm_package_nameAlias':","                        return 'my_app';","                    case 'npm_package_version':","                        return '0.0.1';","                    }","                });","        }","        // run the cli","        if (local.global.utility2_rollup || module !== require.main) {","            break;","        }","        local.assetsDict['/assets.example.js'] =","            local.assetsDict['/assets.example.js'] ||","            local.fs.readFileSync(__filename, 'utf8');","        // bug-workaround - long $npm_package_buildCustomOrg","        /* jslint-ignore-begin */","        local.assetsDict['/assets.npmtest_node_zendesk.rollup.js'] =","            local.assetsDict['/assets.npmtest_node_zendesk.rollup.js'] ||","            local.fs.readFileSync(","                local.npmtest_node_zendesk.__dirname + '/lib.npmtest_node_zendesk.js',","                'utf8'","            ).replace((/^#!/), '//');","        /* jslint-ignore-end */","        local.assetsDict['/favicon.ico'] = local.assetsDict['/favicon.ico'] || '';","        // if $npm_config_timeout_exit exists,","        // then exit this process after $npm_config_timeout_exit ms","        if (Number(process.env.npm_config_timeout_exit)) {","            setTimeout(process.exit, Number(process.env.npm_config_timeout_exit));","        }","        // start server","        if (local.global.utility2_serverHttp1) {","            break;","        }","        process.env.PORT = process.env.PORT || '8081';","        console.error('server starting on port ' + process.env.PORT);","        local.http.createServer(function (request, response) {","            request.urlParsed = local.url.parse(request.url);","            if (local.assetsDict[request.urlParsed.pathname] !== undefined) {","                response.end(local.assetsDict[request.urlParsed.pathname]);","                return;","            }","            response.statusCode = 404;","            response.end();","        }).listen(process.env.PORT);","        break;","    }","}());",""],"l":{"26":2,"28":2,"33":2,"35":2,"37":2,"38":2,"39":2,"44":1,"51":2,"55":2,"59":2,"61":2,"69":1,"70":2,"76":2,"79":2,"82":2,"83":2,"85":1,"89":2,"92":1,"93":1,"94":1,"96":1,"97":1,"100":1,"101":1,"103":1,"106":1,"108":2,"114":1,"116":1,"118":1,"123":1,"124":2,"125":2,"126":3,"127":3,"128":3,"129":3,"130":1,"133":3,"134":3,"139":3,"143":1,"144":3,"145":1,"149":1,"150":1,"158":1,"160":1,"161":1,"162":1,"164":1,"166":1,"258":1,"259":1,"271":1,"274":6,"275":6,"277":1,"279":2,"281":1,"283":2,"288":1,"289":1,"291":1,"296":1,"303":1,"306":1,"307":1,"310":1,"311":1,"313":1,"314":1,"315":1,"316":1,"317":1,"318":1,"319":1,"321":1,"322":1,"324":1}},"/home/travis/build/npmtest/node-npmtest-node-zendesk/node_modules/node-zendesk/lib/client.js":{"path":"/home/travis/build/npmtest/node-npmtest-node-zendesk/node_modules/node-zendesk/lib/client.js","s":{"1":1,"2":1,"3":0,"4":0,"5":0,"6":0,"7":0,"8":0,"9":0,"10":0,"11":0,"12":0,"13":0,"14":0,"15":0,"16":0,"17":0,"18":0,"19":0,"20":0,"21":0,"22":0,"23":0,"24":0,"25":0,"26":0,"27":0,"28":0,"29":0,"30":0,"31":1,"32":0,"33":0,"34":0},"b":{"1":[0,0],"2":[0,0],"3":[0,0],"4":[0,0],"5":[0,0],"6":[0,0],"7":[0,0]},"f":{"1":0,"2":0,"3":0,"4":0},"fnMap":{"1":{"name":"(anonymous_1)","line":26,"loc":{"start":{"line":26,"column":23},"end":{"line":26,"column":42}}},"2":{"name":"(anonymous_2)","line":84,"loc":{"start":{"line":84,"column":21},"end":{"line":84,"column":34}}},"3":{"name":"(anonymous_3)","line":88,"loc":{"start":{"line":88,"column":21},"end":{"line":88,"column":34}}},"4":{"name":"debug","line":94,"loc":{"start":{"line":94,"column":2},"end":{"line":94,"column":23}}}},"statementMap":{"1":{"start":{"line":4,"column":0},"end":{"line":24,"column":6}},"2":{"start":{"line":26,"column":0},"end":{"line":101,"column":2}},"3":{"start":{"line":27,"column":2},"end":{"line":28,"column":35}},"4":{"start":{"line":29,"column":2},"end":{"line":29,"column":22}},"5":{"start":{"line":30,"column":2},"end":{"line":54,"column":3}},"6":{"start":{"line":31,"column":4},"end":{"line":53,"column":7}},"7":{"start":{"line":56,"column":2},"end":{"line":56,"column":36}},"8":{"start":{"line":58,"column":2},"end":{"line":68,"column":3}},"9":{"start":{"line":59,"column":4},"end":{"line":59,"column":17}},"10":{"start":{"line":60,"column":4},"end":{"line":66,"column":5}},"11":{"start":{"line":61,"column":6},"end":{"line":61,"column":51}},"12":{"start":{"line":62,"column":11},"end":{"line":66,"column":5}},"13":{"start":{"line":63,"column":6},"end":{"line":63,"column":54}},"14":{"start":{"line":65,"column":6},"end":{"line":65,"column":39}},"15":{"start":{"line":67,"column":4},"end":{"line":67,"column":93}},"16":{"start":{"line":70,"column":2},"end":{"line":70,"column":42}},"17":{"start":{"line":72,"column":2},"end":{"line":81,"column":3}},"18":{"start":{"line":73,"column":4},"end":{"line":73,"column":33}},"19":{"start":{"line":74,"column":4},"end":{"line":74,"column":40}},"20":{"start":{"line":75,"column":9},"end":{"line":81,"column":3}},"21":{"start":{"line":76,"column":4},"end":{"line":76,"column":28}},"22":{"start":{"line":77,"column":4},"end":{"line":77,"column":35}},"23":{"start":{"line":79,"column":4},"end":{"line":79,"column":23}},"24":{"start":{"line":80,"column":4},"end":{"line":80,"column":29}},"25":{"start":{"line":84,"column":2},"end":{"line":86,"column":5}},"26":{"start":{"line":85,"column":4},"end":{"line":85,"column":58}},"27":{"start":{"line":88,"column":2},"end":{"line":92,"column":5}},"28":{"start":{"line":89,"column":4},"end":{"line":89,"column":54}},"29":{"start":{"line":90,"column":4},"end":{"line":90,"column":57}},"30":{"start":{"line":91,"column":4},"end":{"line":91,"column":57}},"31":{"start":{"line":94,"column":2},"end":{"line":98,"column":3}},"32":{"start":{"line":95,"column":4},"end":{"line":97,"column":5}},"33":{"start":{"line":96,"column":6},"end":{"line":96,"column":24}},"34":{"start":{"line":100,"column":2},"end":{"line":100,"column":16}}},"branchMap":{"1":{"line":30,"type":"if","locations":[{"start":{"line":30,"column":2},"end":{"line":30,"column":2}},{"start":{"line":30,"column":2},"end":{"line":30,"column":2}}]},"2":{"line":58,"type":"if","locations":[{"start":{"line":58,"column":2},"end":{"line":58,"column":2}},{"start":{"line":58,"column":2},"end":{"line":58,"column":2}}]},"3":{"line":60,"type":"if","locations":[{"start":{"line":60,"column":4},"end":{"line":60,"column":4}},{"start":{"line":60,"column":4},"end":{"line":60,"column":4}}]},"4":{"line":62,"type":"if","locations":[{"start":{"line":62,"column":11},"end":{"line":62,"column":11}},{"start":{"line":62,"column":11},"end":{"line":62,"column":11}}]},"5":{"line":72,"type":"if","locations":[{"start":{"line":72,"column":2},"end":{"line":72,"column":2}},{"start":{"line":72,"column":2},"end":{"line":72,"column":2}}]},"6":{"line":75,"type":"if","locations":[{"start":{"line":75,"column":9},"end":{"line":75,"column":9}},{"start":{"line":75,"column":9},"end":{"line":75,"column":9}}]},"7":{"line":95,"type":"if","locations":[{"start":{"line":95,"column":4},"end":{"line":95,"column":4}},{"start":{"line":95,"column":4},"end":{"line":95,"column":4}}]}},"code":["// client.js - node-zendesk client initialization","'use strict';","","var parts = [","      'Users', 'Tickets', 'TicketAudits', 'TicketFields', 'TicketMetrics', 'TicketImport', 'TicketExport', ","      'Views', 'Requests', 'UserIdentities', 'Groups', 'GroupMemberships',","      'CustomAgentRoles', 'Organizations', 'Search', 'Tags', 'Forums',","      'ForumSubscriptions', 'Categories', 'Topics', 'TopicComments',","      'TopicSubscriptions', 'TopicVotes', 'AccountSettings',","      'ActivityStream', 'Attachments', 'JobStatuses', 'Locales',","      'Macros', 'SatisfactionRatings', 'SuspendedTickets', 'UserFields',","      'OrganizationFields', 'OauthTokens', 'Triggers', 'SharingAgreement',","      'Brand', 'OrganizationMemberships', 'DynamicContent', 'TicketEvents',","      'Imports', 'Targets', 'Sessions', 'Installations'","    ],","    helpcenterParts = [","      'Articles', 'Sections', 'Categories', 'Translations',","      'ArticleComments', 'ArticleLabels', 'ArticleAttachments',","      'Votes', 'Search', 'AccessPolicies', 'Subscriptions'","    ],","    voiceParts = [","      'PhoneNumbers', 'GreetingCategories', 'Greetings', 'CurrentQueueActivity',","      'HistoricalQueueActivity', 'AgentActivity', 'Availabilities'","    ];","","exports.createClient = function (options) {","  var nconf = require('nconf'),","      store = new nconf.Provider();","  nconf.use('memory');","  if (true !== options.disableGlobalState) {","    nconf.env().argv({","      's': {","        alias: 'subdomain'","      },","      'u': {","        alias: 'username'","      },","      'p': {","        alias: 'password'","      },","      't': {","        alias: 'token'","      },","      'r': {","        alias: 'remoteUri'","      },","      'hc': {","        alias: 'helpcenter'","      },","      'v': {","        alias: 'voice'","      }","    });","  }","","  options = store.defaults(options);","","  if (nconf.get('subdomain')) {","    var endpoint;","    if (options.stores.defaults.store.helpcenter) {","      endpoint = '.zendesk.com/api/v2/help_center';","    } else if (options.stores.defaults.store.voice){","      endpoint = '.zendesk.com/api/v2/channels/voice';","    } else {","      endpoint = '.zendesk.com/api/v2';","    }","    options.stores.defaults.store.remoteUri = 'https://' + nconf.get('subdomain') + endpoint;","  }","","  var client = {}, partsToAdd, clientPath;","","  if (options.stores.defaults.store.helpcenter) {","    partsToAdd = helpcenterParts;","    clientPath = './client/helpcenter/';","  } else if (options.stores.defaults.store.voice) {","    partsToAdd = voiceParts;","    clientPath = './client/voice/';","  } else {","    partsToAdd = parts;","    clientPath = './client/';","  }","","","  partsToAdd.forEach(function (k) {","    exports[k] = require(clientPath + k.toLowerCase())[k];","  });","","  partsToAdd.forEach(function (k) {","    client[k.toLowerCase()] = new exports[k](options);","    client[k.toLowerCase()].on('debug::request',  debug);","    client[k.toLowerCase()].on('debug::response', debug);","  });","","  function debug(args) {","    if (options.get('debug')) {","      console.log(args);","    }","  }","","  return client;","};",""],"l":{"4":1,"26":1,"27":0,"29":0,"30":0,"31":0,"56":0,"58":0,"59":0,"60":0,"61":0,"62":0,"63":0,"65":0,"67":0,"70":0,"72":0,"73":0,"74":0,"75":0,"76":0,"77":0,"79":0,"80":0,"84":0,"85":0,"88":0,"89":0,"90":0,"91":0,"94":1,"95":0,"96":0,"100":0}},"/home/travis/build/npmtest/node-npmtest-node-zendesk/node_modules/node-zendesk/lib/client/accountsettings.js":{"path":"/home/travis/build/npmtest/node-npmtest-node-zendesk/node_modules/node-zendesk/lib/client/accountsettings.js","s":{"1":1,"2":1,"3":0,"4":0,"5":1,"6":1,"7":0},"b":{},"f":{"1":0,"2":0},"fnMap":{"1":{"name":"(anonymous_1)","line":9,"loc":{"start":{"line":9,"column":48},"end":{"line":9,"column":67}}},"2":{"name":"(anonymous_2)","line":19,"loc":{"start":{"line":19,"column":33},"end":{"line":19,"column":47}}}},"statementMap":{"1":{"start":{"line":4,"column":0},"end":{"line":6,"column":55}},"2":{"start":{"line":9,"column":0},"end":{"line":12,"column":2}},"3":{"start":{"line":10,"column":2},"end":{"line":10,"column":37}},"4":{"start":{"line":11,"column":2},"end":{"line":11,"column":29}},"5":{"start":{"line":15,"column":0},"end":{"line":15,"column":39}},"6":{"start":{"line":19,"column":0},"end":{"line":21,"column":2}},"7":{"start":{"line":20,"column":2},"end":{"line":20,"column":51}}},"branchMap":{},"code":["//AccountSettings.js: Client for the zendesk API.","","","var util        = require('util'),","    Client      = require('./client').Client,","    defaultgroups = require('./helpers').defaultgroups;","","","var AccountSettings = exports.AccountSettings = function (options) {","  this.jsonAPINames = [ 'settings'] ;","  Client.call(this, options);","};","","// Inherit from Client base object","util.inherits(AccountSettings, Client);","","// ######################################################## AccountSettings","// ====================================== Listing AccountSettings","AccountSettings.prototype.show = function (cb) {","  this.request('GET', ['account', 'settings'], cb);","};","","",""],"l":{"4":1,"9":1,"10":0,"11":0,"15":1,"19":1,"20":0}},"/home/travis/build/npmtest/node-npmtest-node-zendesk/node_modules/node-zendesk/lib/client/client.js":{"path":"/home/travis/build/npmtest/node-npmtest-node-zendesk/node_modules/node-zendesk/lib/client/client.js","s":{"1":1,"2":1,"3":0,"4":0,"5":0,"6":0,"7":0,"8":0,"9":0,"10":0,"11":0,"12":1,"13":1,"14":0,"15":0,"16":0,"17":0,"18":0,"19":0,"20":0,"21":0,"22":0,"23":0,"24":0,"25":0,"26":0,"27":0,"28":0,"29":0,"30":0,"31":0,"32":0,"33":1,"34":0,"35":0,"36":0,"37":0,"38":0,"39":0,"40":0,"41":0,"42":0,"43":0,"44":0,"45":0,"46":0,"47":0,"48":0,"49":0,"50":0,"51":0,"52":0,"53":0,"54":0,"55":0,"56":0,"57":0,"58":0,"59":0,"60":0,"61":0,"62":1,"63":0,"64":0,"65":0,"66":0,"67":0,"68":0,"69":0,"70":0,"71":0,"72":0,"73":1,"74":0,"75":0,"76":1,"77":0,"78":0,"79":0,"80":0,"81":0,"82":0,"83":0,"84":0,"85":0,"86":0,"87":0,"88":0,"89":0,"90":0,"91":0,"92":0,"93":0,"94":0,"95":0,"96":0,"97":0,"98":0,"99":0,"100":0,"101":1,"102":0,"103":0,"104":0,"105":0,"106":0,"107":0,"108":0,"109":0,"110":0,"111":0,"112":0,"113":0,"114":0,"115":0,"116":0,"117":0,"118":0,"119":0,"120":1,"121":0,"122":0,"123":0,"124":0,"125":0,"126":0,"127":1,"128":0,"129":0,"130":0,"131":0,"132":0,"133":0,"134":0,"135":0,"136":0,"137":0,"138":0,"139":0,"140":0,"141":0,"142":1,"143":0,"144":0,"145":0,"146":0,"147":0,"148":1,"149":0,"150":0,"151":0,"152":0,"153":1,"154":0,"155":0,"156":0,"157":0,"158":0,"159":0,"160":0,"161":0,"162":0,"163":0,"164":0,"165":0,"166":0,"167":0,"168":0,"169":0,"170":0,"171":0,"172":0},"b":{"1":[0,0],"2":[0,0],"3":[0,0],"4":[0,0],"5":[0,0],"6":[0,0],"7":[0,0,0],"8":[0,0],"9":[0,0],"10":[0,0],"11":[0,0],"12":[0,0],"13":[0,0],"14":[0,0],"15":[0,0],"16":[0,0],"17":[0,0],"18":[0,0],"19":[0,0],"20":[0,0],"21":[0,0],"22":[0,0],"23":[0,0],"24":[0,0],"25":[0,0],"26":[0,0],"27":[0,0],"28":[0,0],"29":[0,0],"30":[0,0],"31":[0,0],"32":[0,0],"33":[0,0],"34":[0,0],"35":[0,0],"36":[0,0],"37":[0,0],"38":[0,0],"39":[0,0],"40":[0,0],"41":[0,0],"42":[0,0],"43":[0,0],"44":[0,0],"45":[0,0],"46":[0,0],"47":[0,0],"48":[0,0],"49":[0,0],"50":[0,0],"51":[0,0],"52":[0,0],"53":[0,0],"54":[0,0]},"f":{"1":0,"2":0,"3":0,"4":0,"5":0,"6":0,"7":0,"8":0,"9":0,"10":0,"11":0,"12":0,"13":0,"14":0,"15":0,"16":0,"17":0,"18":0,"19":0,"20":0,"21":0},"fnMap":{"1":{"name":"(anonymous_1)","line":30,"loc":{"start":{"line":30,"column":26},"end":{"line":30,"column":45}}},"2":{"name":"(anonymous_2)","line":50,"loc":{"start":{"line":50,"column":23},"end":{"line":50,"column":38}}},"3":{"name":"(anonymous_3)","line":59,"loc":{"start":{"line":59,"column":27},"end":{"line":59,"column":50}}},"4":{"name":"(anonymous_4)","line":103,"loc":{"start":{"line":103,"column":37},"end":{"line":103,"column":70}}},"5":{"name":"(anonymous_5)","line":108,"loc":{"start":{"line":108,"column":30},"end":{"line":108,"column":53}}},"6":{"name":"(anonymous_6)","line":124,"loc":{"start":{"line":124,"column":43},"end":{"line":124,"column":92}}},"7":{"name":"(anonymous_7)","line":136,"loc":{"start":{"line":136,"column":6},"end":{"line":136,"column":18}}},"8":{"name":"(anonymous_8)","line":144,"loc":{"start":{"line":144,"column":6},"end":{"line":144,"column":20}}},"9":{"name":"(anonymous_9)","line":145,"loc":{"start":{"line":145,"column":48},"end":{"line":145,"column":97}}},"10":{"name":"(anonymous_10)","line":158,"loc":{"start":{"line":158,"column":6},"end":{"line":158,"column":21}}},"11":{"name":"(anonymous_11)","line":169,"loc":{"start":{"line":169,"column":33},"end":{"line":169,"column":64}}},"12":{"name":"(anonymous_12)","line":189,"loc":{"start":{"line":189,"column":36},"end":{"line":189,"column":69}}},"13":{"name":"(anonymous_13)","line":197,"loc":{"start":{"line":197,"column":31},"end":{"line":197,"column":44}}},"14":{"name":"checkRequestResponse","line":202,"loc":{"start":{"line":202,"column":0},"end":{"line":202,"column":64}}},"15":{"name":"requestCallback","line":241,"loc":{"start":{"line":241,"column":0},"end":{"line":241,"column":64}}},"16":{"name":"(anonymous_16)","line":246,"loc":{"start":{"line":246,"column":47},"end":{"line":246,"column":66}}},"17":{"name":"populateFields","line":276,"loc":{"start":{"line":276,"column":0},"end":{"line":276,"column":44}}},"18":{"name":"populateRecord","line":287,"loc":{"start":{"line":287,"column":2},"end":{"line":287,"column":33}}},"19":{"name":"findAllRecordsById","line":315,"loc":{"start":{"line":315,"column":0},"end":{"line":315,"column":42}}},"20":{"name":"findOneRecordById","line":325,"loc":{"start":{"line":325,"column":0},"end":{"line":325,"column":41}}},"21":{"name":"assembleUrl","line":334,"loc":{"start":{"line":334,"column":0},"end":{"line":334,"column":32}}}},"statementMap":{"1":{"start":{"line":4,"column":0},"end":{"line":27,"column":6}},"2":{"start":{"line":30,"column":0},"end":{"line":55,"column":2}},"3":{"start":{"line":31,"column":2},"end":{"line":31,"column":25}},"4":{"start":{"line":32,"column":2},"end":{"line":32,"column":21}},"5":{"start":{"line":33,"column":2},"end":{"line":33,"column":93}},"6":{"start":{"line":35,"column":2},"end":{"line":43,"column":5}},"7":{"start":{"line":45,"column":2},"end":{"line":47,"column":3}},"8":{"start":{"line":46,"column":4},"end":{"line":46,"column":27}},"9":{"start":{"line":49,"column":2},"end":{"line":53,"column":3}},"10":{"start":{"line":50,"column":4},"end":{"line":52,"column":6}},"11":{"start":{"line":51,"column":6},"end":{"line":51,"column":23}},"12":{"start":{"line":57,"column":0},"end":{"line":57,"column":36}},"13":{"start":{"line":59,"column":0},"end":{"line":106,"column":2}},"14":{"start":{"line":60,"column":2},"end":{"line":67,"column":43}},"15":{"start":{"line":69,"column":2},"end":{"line":69,"column":31}},"16":{"start":{"line":71,"column":2},"end":{"line":80,"column":3}},"17":{"start":{"line":72,"column":4},"end":{"line":72,"column":35}},"18":{"start":{"line":74,"column":4},"end":{"line":79,"column":6}},"19":{"start":{"line":82,"column":2},"end":{"line":86,"column":3}},"20":{"start":{"line":83,"column":4},"end":{"line":83,"column":59}},"21":{"start":{"line":85,"column":4},"end":{"line":85,"column":60}},"22":{"start":{"line":88,"column":2},"end":{"line":88,"column":25}},"23":{"start":{"line":89,"column":2},"end":{"line":89,"column":40}},"24":{"start":{"line":91,"column":2},"end":{"line":95,"column":3}},"25":{"start":{"line":92,"column":4},"end":{"line":92,"column":45}},"26":{"start":{"line":93,"column":9},"end":{"line":95,"column":3}},"27":{"start":{"line":94,"column":4},"end":{"line":94,"column":29}},"28":{"start":{"line":97,"column":2},"end":{"line":99,"column":3}},"29":{"start":{"line":98,"column":4},"end":{"line":98,"column":31}},"30":{"start":{"line":101,"column":2},"end":{"line":101,"column":44}},"31":{"start":{"line":103,"column":2},"end":{"line":105,"column":5}},"32":{"start":{"line":104,"column":4},"end":{"line":104,"column":59}},"33":{"start":{"line":108,"column":0},"end":{"line":167,"column":2}},"34":{"start":{"line":109,"column":2},"end":{"line":118,"column":43}},"35":{"start":{"line":120,"column":2},"end":{"line":122,"column":3}},"36":{"start":{"line":121,"column":5},"end":{"line":121,"column":71}},"37":{"start":{"line":124,"column":2},"end":{"line":166,"column":6}},"38":{"start":{"line":125,"column":4},"end":{"line":127,"column":5}},"39":{"start":{"line":126,"column":6},"end":{"line":126,"column":29}},"40":{"start":{"line":129,"column":4},"end":{"line":129,"column":28}},"41":{"start":{"line":130,"column":4},"end":{"line":130,"column":24}},"42":{"start":{"line":131,"column":4},"end":{"line":131,"column":32}},"43":{"start":{"line":132,"column":4},"end":{"line":132,"column":28}},"44":{"start":{"line":133,"column":4},"end":{"line":133,"column":48}},"45":{"start":{"line":135,"column":4},"end":{"line":165,"column":8}},"46":{"start":{"line":137,"column":8},"end":{"line":142,"column":9}},"47":{"start":{"line":138,"column":10},"end":{"line":138,"column":26}},"48":{"start":{"line":140,"column":10},"end":{"line":140,"column":24}},"49":{"start":{"line":141,"column":10},"end":{"line":141,"column":26}},"50":{"start":{"line":145,"column":8},"end":{"line":156,"column":12}},"51":{"start":{"line":146,"column":10},"end":{"line":148,"column":11}},"52":{"start":{"line":147,"column":12},"end":{"line":147,"column":29}},"53":{"start":{"line":150,"column":10},"end":{"line":150,"column":34}},"54":{"start":{"line":151,"column":10},"end":{"line":151,"column":30}},"55":{"start":{"line":152,"column":10},"end":{"line":152,"column":38}},"56":{"start":{"line":153,"column":10},"end":{"line":153,"column":34}},"57":{"start":{"line":154,"column":10},"end":{"line":154,"column":54}},"58":{"start":{"line":155,"column":10},"end":{"line":155,"column":19}},"59":{"start":{"line":159,"column":8},"end":{"line":163,"column":9}},"60":{"start":{"line":160,"column":10},"end":{"line":160,"column":24}},"61":{"start":{"line":162,"column":10},"end":{"line":162,"column":89}},"62":{"start":{"line":169,"column":0},"end":{"line":195,"column":2}},"63":{"start":{"line":170,"column":2},"end":{"line":176,"column":35}},"64":{"start":{"line":178,"column":2},"end":{"line":178,"column":44}},"65":{"start":{"line":179,"column":2},"end":{"line":179,"column":31}},"66":{"start":{"line":181,"column":2},"end":{"line":181,"column":64}},"67":{"start":{"line":183,"column":2},"end":{"line":187,"column":3}},"68":{"start":{"line":184,"column":4},"end":{"line":184,"column":59}},"69":{"start":{"line":186,"column":4},"end":{"line":186,"column":60}},"70":{"start":{"line":189,"column":2},"end":{"line":191,"column":5}},"71":{"start":{"line":190,"column":4},"end":{"line":190,"column":59}},"72":{"start":{"line":193,"column":2},"end":{"line":193,"column":38}},"73":{"start":{"line":197,"column":0},"end":{"line":200,"column":1}},"74":{"start":{"line":198,"column":2},"end":{"line":198,"column":18}},"75":{"start":{"line":199,"column":2},"end":{"line":199,"column":22}},"76":{"start":{"line":202,"column":0},"end":{"line":239,"column":1}},"77":{"start":{"line":203,"column":2},"end":{"line":203,"column":41}},"78":{"start":{"line":205,"column":2},"end":{"line":209,"column":3}},"79":{"start":{"line":206,"column":4},"end":{"line":206,"column":58}},"80":{"start":{"line":207,"column":4},"end":{"line":207,"column":27}},"81":{"start":{"line":208,"column":4},"end":{"line":208,"column":27}},"82":{"start":{"line":210,"column":2},"end":{"line":217,"column":3}},"83":{"start":{"line":211,"column":4},"end":{"line":211,"column":37}},"84":{"start":{"line":212,"column":4},"end":{"line":212,"column":29}},"85":{"start":{"line":216,"column":4},"end":{"line":216,"column":104}},"86":{"start":{"line":219,"column":2},"end":{"line":219,"column":73}},"87":{"start":{"line":221,"column":2},"end":{"line":221,"column":47}},"88":{"start":{"line":222,"column":2},"end":{"line":228,"column":3}},"89":{"start":{"line":223,"column":4},"end":{"line":223,"column":69}},"90":{"start":{"line":224,"column":4},"end":{"line":224,"column":27}},"91":{"start":{"line":225,"column":4},"end":{"line":225,"column":26}},"92":{"start":{"line":226,"column":4},"end":{"line":226,"column":34}},"93":{"start":{"line":227,"column":4},"end":{"line":227,"column":27}},"94":{"start":{"line":230,"column":2},"end":{"line":236,"column":3}},"95":{"start":{"line":231,"column":4},"end":{"line":231,"column":86}},"96":{"start":{"line":232,"column":4},"end":{"line":232,"column":34}},"97":{"start":{"line":233,"column":4},"end":{"line":233,"column":26}},"98":{"start":{"line":234,"column":4},"end":{"line":234,"column":28}},"99":{"start":{"line":235,"column":4},"end":{"line":235,"column":27}},"100":{"start":{"line":238,"column":2},"end":{"line":238,"column":29}},"101":{"start":{"line":241,"column":0},"end":{"line":274,"column":1}},"102":{"start":{"line":242,"column":2},"end":{"line":244,"column":3}},"103":{"start":{"line":243,"column":4},"end":{"line":243,"column":25}},"104":{"start":{"line":246,"column":2},"end":{"line":272,"column":5}},"105":{"start":{"line":247,"column":4},"end":{"line":249,"column":5}},"106":{"start":{"line":248,"column":6},"end":{"line":248,"column":27}},"107":{"start":{"line":250,"column":4},"end":{"line":250,"column":20}},"108":{"start":{"line":251,"column":4},"end":{"line":269,"column":5}},"109":{"start":{"line":252,"column":6},"end":{"line":259,"column":7}},"110":{"start":{"line":253,"column":8},"end":{"line":258,"column":9}},"111":{"start":{"line":254,"column":10},"end":{"line":257,"column":11}},"112":{"start":{"line":255,"column":12},"end":{"line":255,"column":56}},"113":{"start":{"line":256,"column":12},"end":{"line":256,"column":18}},"114":{"start":{"line":261,"column":6},"end":{"line":263,"column":7}},"115":{"start":{"line":262,"column":8},"end":{"line":262,"column":19}},"116":{"start":{"line":264,"column":6},"end":{"line":266,"column":7}},"117":{"start":{"line":265,"column":8},"end":{"line":265,"column":59}},"118":{"start":{"line":268,"column":6},"end":{"line":268,"column":16}},"119":{"start":{"line":271,"column":4},"end":{"line":271,"column":68}},"120":{"start":{"line":276,"column":0},"end":{"line":313,"column":1}},"121":{"start":{"line":277,"column":2},"end":{"line":284,"column":3}},"122":{"start":{"line":278,"column":4},"end":{"line":281,"column":5}},"123":{"start":{"line":279,"column":6},"end":{"line":279,"column":27}},"124":{"start":{"line":280,"column":6},"end":{"line":280,"column":29}},"125":{"start":{"line":283,"column":4},"end":{"line":283,"column":25}},"126":{"start":{"line":285,"column":2},"end":{"line":285,"column":14}},"127":{"start":{"line":287,"column":2},"end":{"line":312,"column":3}},"128":{"start":{"line":288,"column":4},"end":{"line":310,"column":5}},"129":{"start":{"line":289,"column":6},"end":{"line":289,"column":33}},"130":{"start":{"line":290,"column":6},"end":{"line":290,"column":32}},"131":{"start":{"line":291,"column":6},"end":{"line":291,"column":35}},"132":{"start":{"line":294,"column":6},"end":{"line":309,"column":7}},"133":{"start":{"line":296,"column":8},"end":{"line":308,"column":9}},"134":{"start":{"line":297,"column":10},"end":{"line":297,"column":43}},"135":{"start":{"line":299,"column":10},"end":{"line":299,"column":25}},"136":{"start":{"line":300,"column":10},"end":{"line":302,"column":11}},"137":{"start":{"line":301,"column":12},"end":{"line":301,"column":33}},"138":{"start":{"line":303,"column":10},"end":{"line":307,"column":11}},"139":{"start":{"line":304,"column":12},"end":{"line":304,"column":85}},"140":{"start":{"line":306,"column":12},"end":{"line":306,"column":84}},"141":{"start":{"line":311,"column":4},"end":{"line":311,"column":18}},"142":{"start":{"line":315,"column":0},"end":{"line":323,"column":1}},"143":{"start":{"line":316,"column":2},"end":{"line":316,"column":15}},"144":{"start":{"line":317,"column":2},"end":{"line":321,"column":3}},"145":{"start":{"line":318,"column":4},"end":{"line":320,"column":5}},"146":{"start":{"line":319,"column":6},"end":{"line":319,"column":24}},"147":{"start":{"line":322,"column":2},"end":{"line":322,"column":13}},"148":{"start":{"line":325,"column":0},"end":{"line":332,"column":1}},"149":{"start":{"line":326,"column":2},"end":{"line":330,"column":3}},"150":{"start":{"line":327,"column":4},"end":{"line":329,"column":5}},"151":{"start":{"line":328,"column":6},"end":{"line":328,"column":21}},"152":{"start":{"line":331,"column":2},"end":{"line":331,"column":14}},"153":{"start":{"line":334,"column":0},"end":{"line":370,"column":1}},"154":{"start":{"line":335,"column":2},"end":{"line":336,"column":18}},"155":{"start":{"line":338,"column":2},"end":{"line":369,"column":3}},"156":{"start":{"line":339,"column":4},"end":{"line":339,"column":28}},"157":{"start":{"line":340,"column":4},"end":{"line":361,"column":5}},"158":{"start":{"line":342,"column":6},"end":{"line":360,"column":7}},"159":{"start":{"line":343,"column":8},"end":{"line":345,"column":9}},"160":{"start":{"line":344,"column":10},"end":{"line":344,"column":56}},"161":{"start":{"line":346,"column":8},"end":{"line":346,"column":49}},"162":{"start":{"line":349,"column":11},"end":{"line":360,"column":7}},"163":{"start":{"line":350,"column":8},"end":{"line":352,"column":9}},"164":{"start":{"line":351,"column":10},"end":{"line":351,"column":62}},"165":{"start":{"line":353,"column":8},"end":{"line":353,"column":29}},"166":{"start":{"line":356,"column":8},"end":{"line":358,"column":9}},"167":{"start":{"line":357,"column":10},"end":{"line":357,"column":57}},"168":{"start":{"line":359,"column":8},"end":{"line":359,"column":30}},"169":{"start":{"line":362,"column":4},"end":{"line":362,"column":82}},"170":{"start":{"line":364,"column":7},"end":{"line":369,"column":3}},"171":{"start":{"line":365,"column":4},"end":{"line":365,"column":47}},"172":{"start":{"line":368,"column":4},"end":{"line":368,"column":15}}},"branchMap":{"1":{"line":36,"type":"cond-expr","locations":[{"start":{"line":36,"column":47},"end":{"line":36,"column":52}},{"start":{"line":36,"column":55},"end":{"line":36,"column":68}}]},"2":{"line":37,"type":"binary-expr","locations":[{"start":{"line":37,"column":14},"end":{"line":37,"column":42}},{"start":{"line":37,"column":46},"end":{"line":37,"column":50}}]},"3":{"line":38,"type":"binary-expr","locations":[{"start":{"line":38,"column":14},"end":{"line":38,"column":41}},{"start":{"line":38,"column":46},"end":{"line":38,"column":52}}]},"4":{"line":39,"type":"binary-expr","locations":[{"start":{"line":39,"column":14},"end":{"line":39,"column":39}},{"start":{"line":39,"column":46},"end":{"line":39,"column":50}}]},"5":{"line":45,"type":"if","locations":[{"start":{"line":45,"column":2},"end":{"line":45,"column":2}},{"start":{"line":45,"column":2},"end":{"line":45,"column":2}}]},"6":{"line":49,"type":"if","locations":[{"start":{"line":49,"column":2},"end":{"line":49,"column":2}},{"start":{"line":49,"column":2},"end":{"line":49,"column":2}}]},"7":{"line":62,"type":"binary-expr","locations":[{"start":{"line":62,"column":17},"end":{"line":62,"column":58}},{"start":{"line":62,"column":62},"end":{"line":62,"column":99}},{"start":{"line":62,"column":103},"end":{"line":62,"column":113}}]},"8":{"line":63,"type":"cond-expr","locations":[{"start":{"line":63,"column":48},"end":{"line":63,"column":82}},{"start":{"line":63,"column":85},"end":{"line":63,"column":122}}]},"9":{"line":71,"type":"if","locations":[{"start":{"line":71,"column":2},"end":{"line":71,"column":2}},{"start":{"line":71,"column":2},"end":{"line":71,"column":2}}]},"10":{"line":82,"type":"if","locations":[{"start":{"line":82,"column":2},"end":{"line":82,"column":2}},{"start":{"line":82,"column":2},"end":{"line":82,"column":2}}]},"11":{"line":89,"type":"binary-expr","locations":[{"start":{"line":89,"column":24},"end":{"line":89,"column":30}},{"start":{"line":89,"column":34},"end":{"line":89,"column":39}}]},"12":{"line":91,"type":"if","locations":[{"start":{"line":91,"column":2},"end":{"line":91,"column":2}},{"start":{"line":91,"column":2},"end":{"line":91,"column":2}}]},"13":{"line":93,"type":"if","locations":[{"start":{"line":93,"column":9},"end":{"line":93,"column":9}},{"start":{"line":93,"column":9},"end":{"line":93,"column":9}}]},"14":{"line":93,"type":"binary-expr","locations":[{"start":{"line":93,"column":13},"end":{"line":93,"column":29}},{"start":{"line":93,"column":33},"end":{"line":93,"column":92}}]},"15":{"line":97,"type":"if","locations":[{"start":{"line":97,"column":2},"end":{"line":97,"column":2}},{"start":{"line":97,"column":2},"end":{"line":97,"column":2}}]},"16":{"line":120,"type":"if","locations":[{"start":{"line":120,"column":2},"end":{"line":120,"column":2}},{"start":{"line":120,"column":2},"end":{"line":120,"column":2}}]},"17":{"line":125,"type":"if","locations":[{"start":{"line":125,"column":4},"end":{"line":125,"column":4}},{"start":{"line":125,"column":4},"end":{"line":125,"column":4}}]},"18":{"line":133,"type":"cond-expr","locations":[{"start":{"line":133,"column":24},"end":{"line":133,"column":40}},{"start":{"line":133,"column":43},"end":{"line":133,"column":47}}]},"19":{"line":137,"type":"if","locations":[{"start":{"line":137,"column":8},"end":{"line":137,"column":8}},{"start":{"line":137,"column":8},"end":{"line":137,"column":8}}]},"20":{"line":146,"type":"if","locations":[{"start":{"line":146,"column":10},"end":{"line":146,"column":10}},{"start":{"line":146,"column":10},"end":{"line":146,"column":1
[...]
;","","// ====================================== Listing Votes By Article","","Votes.prototype.listByArticle = function (articleID, cb) {","  //Do not need requesetAll","  this.request('GET', ['articles', articleID, 'votes'], cb);","};","","// ====================================== Viewing Votes","Votes.prototype.show = function (voteID, cb) {","  this.request('GET', ['votes', voteID], cb);","};","","// ====================================== Vote Up For Article","Votes.prototype.createUpVoteForArticle = function (articleID, cb) {","  this.request('POST', ['articles' , articleID, 'up'], cb);","};","","// ====================================== Vote Down For Article","Votes.prototype.createDownVoteForArticle = function (articleID, cb) {","  this.request('POST', ['articles' , articleID, 'down'], cb);","};","","// ====================================== Vote Up For Question","Votes.prototype.createUpVoteForQuestion = function (questionID, cb) {","  this.request('POST', ['questions' , questionID, 'up'], cb);","};","","// ====================================== Vote Down For Question","Votes.prototype.createDownVoteForQuestion = function (questionID, cb) {","  this.request('POST', ['questions' , questionID, 'down'], cb);","};","","// ====================================== Vote Up For Answer","Votes.prototype.createUpVoteForAnswer = function (answerID, cb) {","  this.request('POST', ['answers' , answerID, 'up'], cb);","};","","// ====================================== Vote Down For Answer","Votes.prototype.createDownVoteForAnswer = function (answerID, cb) {","  this.request('POST', ['answers' , answerID, 'down'], cb);","};","","// ====================================== Deleting Votes","Votes.prototype.delete = function (voteID, cb) {","  this.request('DELETE', ['votes', voteID],  cb);","};",""],"l":{"4":1,"9":1,"10":0,"11":0,"15":1,"21":1,"23":0,"28":1,"30":0,"34":1,"35":0,"39":1,"40":0,"44":1,"45":0,"49":1,"50":0,"54":1,"55":0,"59":1,"60":0,"64":1,"65":0,"69":1,"70":0}},"/home/travis/build/npmtest/node-npmtest-node-zendesk/node_modules/node-zendesk/lib/client/voice/agentactivity.js":{"path":"/home/travis/build/npmtest/node-npmtest-node-zendesk/node_modules/node-zendesk/lib/client/voice/agentactivity.js","s":{"1":1,"2":1,"3":0,"4":0,"5":1,"6":1,"7":0},"b":{},"f":{"1":0,"2":0},"fnMap":{"1":{"name":"(anonymous_1)","line":9,"loc":{"start":{"line":9,"column":44},"end":{"line":9,"column":62}}},"2":{"name":"(anonymous_2)","line":19,"loc":{"start":{"line":19,"column":31},"end":{"line":19,"column":44}}}},"statementMap":{"1":{"start":{"line":4,"column":0},"end":{"line":5,"column":40}},"2":{"start":{"line":9,"column":0},"end":{"line":12,"column":2}},"3":{"start":{"line":10,"column":4},"end":{"line":10,"column":45}},"4":{"start":{"line":11,"column":4},"end":{"line":11,"column":31}},"5":{"start":{"line":15,"column":0},"end":{"line":15,"column":37}},"6":{"start":{"line":19,"column":0},"end":{"line":21,"column":2}},"7":{"start":{"line":20,"column":4},"end":{"line":20,"column":58}}},"branchMap":{},"code":["//AgentActivity.js: Client for the Zendesk Voice API.","","","var util = require('util'),","    Client = require('../client').Client","    //defaultgroups = require('../helpers').defaultgroups;","","","var AgentActivity = exports.AgentActivity = function(options) {","    this.jsonAPINames = [ 'agent activity' ];","    Client.call(this, options);","};","","// Inherit from Client base object","util.inherits(AgentActivity, Client);","","// ######################################################## AgentActivity","// ====================================== Showing Agent Activity","AgentActivity.prototype.show = function(cb) {","    this.request('GET', ['stats', 'agents_activity'], cb);","};",""],"l":{"4":1,"9":1,"10":0,"11":0,"15":1,"19":1,"20":0}},"/home/travis/build/npmtest/node-npmtest-node-zendesk/node_modules/node-zendesk/lib/client/voice/availabilities.js":{"path":"/home/travis/build/npmtest/node-npmtest-node-zendesk/node_modules/node-zendesk/lib/client/voice/availabilities.js","s":{"1":1,"2":1,"3":0,"4":0,"5":1,"6":1,"7":0,"8":1,"9":0},"b":{},"f":{"1":0,"2":0,"3":0},"fnMap":{"1":{"name":"(anonymous_1)","line":9,"loc":{"start":{"line":9,"column":46},"end":{"line":9,"column":64}}},"2":{"name":"(anonymous_2)","line":19,"loc":{"start":{"line":19,"column":34},"end":{"line":19,"column":70}}},"3":{"name":"(anonymous_3)","line":24,"loc":{"start":{"line":24,"column":32},"end":{"line":24,"column":54}}}},"statementMap":{"1":{"start":{"line":4,"column":0},"end":{"line":5,"column":41}},"2":{"start":{"line":9,"column":0},"end":{"line":12,"column":2}},"3":{"start":{"line":10,"column":4},"end":{"line":10,"column":61}},"4":{"start":{"line":11,"column":4},"end":{"line":11,"column":31}},"5":{"start":{"line":15,"column":0},"end":{"line":15,"column":38}},"6":{"start":{"line":19,"column":0},"end":{"line":21,"column":2}},"7":{"start":{"line":20,"column":4},"end":{"line":20,"column":71}},"8":{"start":{"line":24,"column":0},"end":{"line":26,"column":2}},"9":{"start":{"line":25,"column":4},"end":{"line":25,"column":57}}},"branchMap":{},"code":["//Availabilities.js: Client for the Zendesk Voice API.","","","var util = require('util'),","    Client = require('../client').Client;","    //defaultgroups = require('../helpers').defaultgroups;","","","var Availabilities = exports.Availabilities = function(options) {","    this.jsonAPINames = [ 'availabilities', 'availability' ];","    Client.call(this, options);","};","","// Inherit from Client base object","util.inherits(Availabilities, Client);","","// ######################################################## Availabilitiess","// ====================================== Update Availabilities","Availabilities.prototype.update = function(agentID, availability, cb) {","    this.request('PUT', ['availabilities', agentID], availability, cb);","};","","// ====================================== Get Availabilities by ID","Availabilities.prototype.show = function(agentID, cb) {","    this.request('GET', ['availabilities', agentID], cb);","};",""],"l":{"4":1,"9":1,"10":0,"11":0,"15":1,"19":1,"20":0,"24":1,"25":0}},"/home/travis/build/npmtest/node-npmtest-node-zendesk/node_modules/node-zendesk/lib/client/voice/currentqueueactivity.js":{"path":"/home/travis/build/npmtest/node-npmtest-node-zendesk/node_modules/node-zendesk/lib/client/voice/currentqueueactivity.js","s":{"1":1,"2":1,"3":0,"4":0,"5":1,"6":1,"7":0},"b":{},"f":{"1":0,"2":0},"fnMap":{"1":{"name":"(anonymous_1)","line":9,"loc":{"start":{"line":9,"column":58},"end":{"line":9,"column":76}}},"2":{"name":"(anonymous_2)","line":19,"loc":{"start":{"line":19,"column":38},"end":{"line":19,"column":51}}}},"statementMap":{"1":{"start":{"line":4,"column":0},"end":{"line":5,"column":37}},"2":{"start":{"line":9,"column":0},"end":{"line":12,"column":2}},"3":{"start":{"line":10,"column":1},"end":{"line":10,"column":78}},"4":{"start":{"line":11,"column":1},"end":{"line":11,"column":28}},"5":{"start":{"line":15,"column":0},"end":{"line":15,"column":44}},"6":{"start":{"line":19,"column":0},"end":{"line":21,"column":2}},"7":{"start":{"line":20,"column":1},"end":{"line":20,"column":62}}},"branchMap":{},"code":["//CurrentQueueActivity.js: Client for the Zendesk Voice API.","","","var util = require('util'),","\tClient = require('../client').Client","\t//defaultgroups = require('./helpers').defaultgroups;","","","var CurrentQueueActivity = exports.CurrentQueueActivity = function(options) {","\tthis.jsonAPINames = [ 'current_queue_activity', 'current_queue_activities' ];","\tClient.call(this, options);","};","","// Inherit from Client base object","util.inherits(CurrentQueueActivity, Client);","","// ######################################################## Current Queue Activity","// ====================================== Get Current Queue Activity","CurrentQueueActivity.prototype.show = function(cb) {","\tthis.request('GET', ['stats', 'current_queue_activity'], cb);","};",""],"l":{"4":1,"9":1,"10":0,"11":0,"15":1,"19":1,"20":0}},"/home/travis/build/npmtest/node-npmtest-node-zendesk/node_modules/node-zendesk/lib/client/voice/greetingcategories.js":{"path":"/home/travis/build/npmtest/node-npmtest-node-zendesk/node_modules/node-zendesk/lib/client/voice/greetingcategories.js","s":{"1":1,"2":1,"3":0,"4":0,"5":1,"6":1,"7":0,"8":1,"9":0},"b":{},"f":{"1":0,"2":0,"3":0},"fnMap":{"1":{"name":"(anonymous_1)","line":9,"loc":{"start":{"line":9,"column":54},"end":{"line":9,"column":72}}},"2":{"name":"(anonymous_2)","line":19,"loc":{"start":{"line":19,"column":36},"end":{"line":19,"column":49}}},"3":{"name":"(anonymous_3)","line":24,"loc":{"start":{"line":24,"column":36},"end":{"line":24,"column":69}}}},"statementMap":{"1":{"start":{"line":4,"column":0},"end":{"line":5,"column":41}},"2":{"start":{"line":9,"column":0},"end":{"line":12,"column":2}},"3":{"start":{"line":10,"column":4},"end":{"line":10,"column":71}},"4":{"start":{"line":11,"column":4},"end":{"line":11,"column":31}},"5":{"start":{"line":15,"column":0},"end":{"line":15,"column":42}},"6":{"start":{"line":19,"column":0},"end":{"line":21,"column":2}},"7":{"start":{"line":20,"column":4},"end":{"line":20,"column":53}},"8":{"start":{"line":24,"column":0},"end":{"line":26,"column":2}},"9":{"start":{"line":25,"column":4},"end":{"line":25,"column":71}}},"branchMap":{},"code":["//GreetingCategories.js: Client for the zendesk API.","","","var util = require('util'),","    Client = require('../client').Client;","    //defaultgroups = require('../helpers').defaultgroups;","","","var GreetingCategories = exports.GreetingCategories = function(options) {","    this.jsonAPINames = [ 'greeting_categories', 'greeting_category' ];","    Client.call(this, options);","};","","// Inherit from Client base object","util.inherits(GreetingCategories, Client);","","// ######################################################## Greetings","// ====================================== List Greetings Categories","GreetingCategories.prototype.list = function(cb) {","    this.request('GET', ['greeting_categories'], cb);","};","","// ====================================== Get Greetings Category by ID","GreetingCategories.prototype.show = function(greetingCategoryID, cb) {","    this.request('GET', ['greeting_category', greetingCategoryID], cb);","};","",""],"l":{"4":1,"9":1,"10":0,"11":0,"15":1,"19":1,"20":0,"24":1,"25":0}},"/home/travis/build/npmtest/node-npmtest-node-zendesk/node_modules/node-zendesk/lib/client/voice/greetings.js":{"path":"/home/travis/build/npmtest/node-npmtest-node-zendesk/node_modules/node-zendesk/lib/client/voice/greetings.js","s":{"1":1,"2":1,"3":0,"4":0,"5":1,"6":1,"7":0,"8":1,"9":0,"10":1,"11":0,"12":1,"13":0,"14":1,"15":0},"b":{},"f":{"1":0,"2":0,"3":0,"4":0,"5":0,"6":0},"fnMap":{"1":{"name":"(anonymous_1)","line":9,"loc":{"start":{"line":9,"column":36},"end":{"line":9,"column":54}}},"2":{"name":"(anonymous_2)","line":19,"loc":{"start":{"line":19,"column":27},"end":{"line":19,"column":40}}},"3":{"name":"(anonymous_3)","line":24,"loc":{"start":{"line":24,"column":27},"end":{"line":24,"column":52}}},"4":{"name":"(anonymous_4)","line":29,"loc":{"start":{"line":29,"column":29},"end":{"line":29,"column":52}}},"5":{"name":"(anonymous_5)","line":34,"loc":{"start":{"line":34,"column":29},"end":{"line":34,"column":64}}},"6":{"name":"(anonymous_6)","line":39,"loc":{"start":{"line":39,"column":29},"end":{"line":39,"column":54}}}},"statementMap":{"1":{"start":{"line":4,"column":0},"end":{"line":5,"column":41}},"2":{"start":{"line":9,"column":0},"end":{"line":12,"column":2}},"3":{"start":{"line":10,"column":4},"end":{"line":10,"column":53}},"4":{"start":{"line":11,"column":4},"end":{"line":11,"column":31}},"5":{"start":{"line":15,"column":0},"end":{"line":15,"column":33}},"6":{"start":{"line":19,"column":0},"end":{"line":21,"column":2}},"7":{"start":{"line":20,"column":4},"end":{"line":20,"column":43}},"8":{"start":{"line":24,"column":0},"end":{"line":26,"column":2}},"9":{"start":{"line":25,"column":4},"end":{"line":25,"column":55}},"10":{"start":{"line":29,"column":0},"end":{"line":31,"column":2}},"11":{"start":{"line":30,"column":4},"end":{"line":30,"column":54}},"12":{"start":{"line":34,"column":0},"end":{"line":36,"column":2}},"13":{"start":{"line":35,"column":4},"end":{"line":35,"column":65}},"14":{"start":{"line":39,"column":0},"end":{"line":41,"column":2}},"15":{"start":{"line":40,"column":4},"end":{"line":40,"column":58}}},"branchMap":{},"code":["//Greetings.js: Client for the zendesk API.","","","var util = require('util'),","    Client = require('../client').Client;","    //defaultgroups = require('../helpers').defaultgroups;","","","var Greetings = exports.Greetings = function(options) {","    this.jsonAPINames = [ 'greetings', 'greetings' ];","    Client.call(this, options);","};","","// Inherit from Client base object","util.inherits(Greetings, Client);","","","// ====================================== List Greetings","Greetings.prototype.list = function(cb) {","    this.request('GET', ['greetings'], cb);","};","","// ====================================== List Greetings by ID","Greetings.prototype.show = function(greetingID, cb) {","    this.request('GET', ['greetings', greetingID], cb);","};","","// ====================================== Create Greeting","Greetings.prototype.create = function(greeting, cb) {","    this.request('POST', ['greetings'], greeting, cb);","};","","// ====================================== Update Greeting","Greetings.prototype.update = function(greeting, greetingID, cb) {","    this.request('PUT', ['greetings', greetingID], greeting, cb);","};","","// ====================================== Delete Greeting","Greetings.prototype.delete = function(greetingID, cb) {","    this.request('DELETE', ['greetings', greetingID], cb);","};",""],"l":{"4":1,"9":1,"10":0,"11":0,"15":1,"19":1,"20":0,"24":1,"25":0,"29":1,"30":0,"34":1,"35":0,"39":1,"40":0}},"/home/travis/build/npmtest/node-npmtest-node-zendesk/node_modules/node-zendesk/lib/client/voice/historicalqueueactivity.js":{"path":"/home/travis/build/npmtest/node-npmtest-node-zendesk/node_modules/node-zendesk/lib/client/voice/historicalqueueactivity.js","s":{"1":1,"2":1,"3":0,"4":0,"5":1,"6":1,"7":0},"b":{},"f":{"1":0,"2":0},"fnMap":{"1":{"name":"(anonymous_1)","line":9,"loc":{"start":{"line":9,"column":64},"end":{"line":9,"column":82}}},"2":{"name":"(anonymous_2)","line":19,"loc":{"start":{"line":19,"column":41},"end":{"line":19,"column":54}}}},"statementMap":{"1":{"start":{"line":4,"column":0},"end":{"line":5,"column":41}},"2":{"start":{"line":9,"column":0},"end":{"line":12,"column":2}},"3":{"start":{"line":10,"column":4},"end":{"line":10,"column":87}},"4":{"start":{"line":11,"column":4},"end":{"line":11,"column":31}},"5":{"start":{"line":15,"column":0},"end":{"line":15,"column":47}},"6":{"start":{"line":19,"column":0},"end":{"line":21,"column":2}},"7":{"start":{"line":20,"column":4},"end":{"line":20,"column":68}}},"branchMap":{},"code":["//HistoricalQueueActivity.js: Client for the zendesk API.","","","var util = require('util'),","    Client = require('../client').Client;","    //defaultgroups = require('../helpers').defaultgroups;","","","var HistoricalQueueActivity = exports.HistoricalQueueActivity = function(options) {","    this.jsonAPINames = [ 'historical_queue_activity', 'historical_queue_activities' ];","    Client.call(this, options);","};","","// Inherit from Client base object","util.inherits(HistoricalQueueActivity, Client);","","// ######################################################## HistoricalQueueActivity","// ====================================== Showing HistoricalQueueActivity","HistoricalQueueActivity.prototype.show = function(cb) {","    this.request('GET', ['stats', 'historical_queue_activity'], cb);","};",""],"l":{"4":1,"9":1,"10":0,"11":0,"15":1,"19":1,"20":0}},"/home/travis/build/npmtest/node-npmtest-node-zendesk/node_modules/node-zendesk/lib/client/voice/phonenumbers.js":{"path":"/home/travis/build/npmtest/node-npmtest-node-zendesk/node_modules/node-zendesk/lib/client/voice/phonenumbers.js","s":{"1":1,"2":1,"3":0,"4":0,"5":1,"6":1,"7":0,"8":1,"9":0,"10":1,"11":0,"12":1,"13":0,"14":1,"15":0,"16":1,"17":0},"b":{},"f":{"1":0,"2":0,"3":0,"4":0,"5":0,"6":0,"7":0},"fnMap":{"1":{"name":"(anonymous_1)","line":9,"loc":{"start":{"line":9,"column":42},"end":{"line":9,"column":60}}},"2":{"name":"(anonymous_2)","line":19,"loc":{"start":{"line":19,"column":32},"end":{"line":19,"column":57}}},"3":{"name":"(anonymous_3)","line":24,"loc":{"start":{"line":24,"column":30},"end":{"line":24,"column":43}}},"4":{"name":"(anonymous_4)","line":29,"loc":{"start":{"line":29,"column":32},"end":{"line":29,"column":45}}},"5":{"name":"(anonymous_5)","line":34,"loc":{"start":{"line":34,"column":32},"end":{"line":34,"column":68}}},"6":{"name":"(anonymous_6)","line":39,"loc":{"start":{"line":39,"column":30},"end":{"line":39,"column":52}}},"7":{"name":"(anonymous_7)","line":44,"loc":{"start":{"line":44,"column":32},"end":{"line":44,"column":54}}}},"statementMap":{"1":{"start":{"line":4,"column":0},"end":{"line":5,"column":41}},"2":{"start":{"line":9,"column":0},"end":{"line":12,"column":2}},"3":{"start":{"line":10,"column":4},"end":{"line":10,"column":60}},"4":{"start":{"line":11,"column":4},"end":{"line":11,"column":31}},"5":{"start":{"line":15,"column":0},"end":{"line":15,"column":36}},"6":{"start":{"line":19,"column":0},"end":{"line":21,"column":2}},"7":{"start":{"line":20,"column":4},"end":{"line":20,"column":78}},"8":{"start":{"line":24,"column":0},"end":{"line":26,"column":2}},"9":{"start":{"line":25,"column":4},"end":{"line":25,"column":47}},"10":{"start":{"line":29,"column":0},"end":{"line":31,"column":2}},"11":{"start":{"line":30,"column":4},"end":{"line":30,"column":62}},"12":{"start":{"line":34,"column":0},"end":{"line":36,"column":2}},"13":{"start":{"line":35,"column":4},"end":{"line":35,"column":70}},"14":{"start":{"line":39,"column":0},"end":{"line":41,"column":2}},"15":{"start":{"line":40,"column":4},"end":{"line":40,"column":56}},"16":{"start":{"line":44,"column":0},"end":{"line":46,"column":2}},"17":{"start":{"line":45,"column":4},"end":{"line":45,"column":59}}},"branchMap":{},"code":["//PhoneNumbers.js: Client for the Zendesk Voice API.","","","var util = require('util'),","    Client = require('../client').Client;","    //defaultgroups = require('../helpers').defaultgroups;","","","var PhoneNumbers = exports.PhoneNumbers = function(options) {","    this.jsonAPINames = [ 'phone numbers', 'phone number' ];","    Client.call(this, options);","};","","// Inherit from Client base object","util.inherits(PhoneNumbers, Client);","","// ######################################################## PhoneNumbers","// ====================================== Searching Available PhoneNumbers","PhoneNumbers.prototype.search = function(searchTerm, cb) {","    this.request('GET', ['phone_numbers', 'search', {query: searchTerm}], cb);","};","","// ====================================== List PhoneNumbers","PhoneNumbers.prototype.list = function(cb) {","    this.request('GET', ['phone_numbers'], cb);","};","","// ====================================== Create PhoneNumbers","PhoneNumbers.prototype.create = function(cb) {","    this.request('POST', ['phone_numbers'], phone_number, cb);","};","","// ====================================== Update PhoneNumbers","PhoneNumbers.prototype.update = function(phoneID, phone_number, cb) {","    this.request('PUT', ['phone_numbers', phoneID], phone_number, cb);","};","","// ====================================== Get PhoneNumbers by ID","PhoneNumbers.prototype.show = function(phoneID, cb) {","    this.request('GET', ['phone_numbers', phoneID], cb);","};","","// ====================================== Delete PhoneNumbers","PhoneNumbers.prototype.delete = function(phoneID, cb) {","    this.request('DELETE', ['phone_numbers', phoneID], cb);","};",""],"l":{"4":1,"9":1,"10":0,"11":0,"15":1,"19":1,"20":0,"24":1,"25":0,"29":1,"30":0,"34":1,"35":0,"39":1,"40":0,"44":1,"45":0}}}